2023-10-12 08:10:13.382 | INFO     | __main__:subcube:87 - Start
2023-10-12 08:10:14.590 | INFO     | __main__:subcube:123 - Downloading Thun data
2023-10-12 08:10:14.615 | ERROR    | __main__:subcube:131 - An error has been caught in function 'subcube', process 'MainProcess' (4004), thread 'MainThread' (139935609005888):
Traceback (most recent call last):

  File "/home/mari-s4e/uc1-urban-climate/processing/subcubes_hrl_city.py", line 210, in <module>
    df = subcube(hrl, '6b9bf6ea-3bf3-40b4-adf3-3f354c22d4b1')
         │       └ 'imd'
         └ <function subcube at 0x7f4535e77dc0>

> File "/home/mari-s4e/uc1-urban-climate/processing/subcubes_hrl_city.py", line 131, in subcube
    request = sentinelhub_stat_request(evalscript, geometry_b, bbox_b, bbox_size_b, config)
              │                        │           │           │       │            └ SHConfig(
              │                        │           │           │       │                instance_id='5eb5dfec-5495-4cac-9709-f86bf1217198',
              │                        │           │           │       │                sh_client_id='6b5b6af9-dbf4-4b22-8dde-fa0e5254e9a8',
              │                        │           │           │       │                sh_c...
              │                        │           │           │       └ (796, 1137)
              │                        │           │           └ BBox(((4136294.2497000005, 2624628.388800001), (4144414.5562999994, 2635879.1148000006)), crs=CRS('3035'))
              │                        │           └ Geometry(POLYGON ((4140407.2903000005 2628799.668400001, 4140368.5791999996 2628750.0611000005, 4140307.9475 2628673.14880000...
              │                        └ '\n\n    //VERSION=3\n    function setup() {\n    return {\n        input: ["B01", "dataMask"],\n        output: [{ \n       ...
              └ <function sentinelhub_stat_request at 0x7f4535e77ca0>

  File "/home/mari-s4e/uc1-urban-climate/processing/subcubes_hrl_city.py", line 63, in sentinelhub_stat_request
    input_data=[SentinelHubStatistical.input_data(DataCollection.define_byoc(hrl_id, name=hrl))],
                │                      │          │              │                        └ 'imd'
                │                      │          │              └ <classmethod object at 0x7f450b195430>
                │                      │          └ <enum 'DataCollection'>
                │                      └ <staticmethod object at 0x7f450b130430>
                └ <class 'sentinelhub.api.statistical.SentinelHubStatistical'>

NameError: name 'hrl_id' is not defined
2023-10-12 08:10:14.619 | INFO     | __main__:subcube:136 - an error occurred
2023-10-12 08:11:53.590 | INFO     | __main__:subcube:87 - Start
2023-10-12 08:11:54.707 | INFO     | __main__:subcube:123 - Downloading Thun data
2023-10-12 08:13:00.133 | INFO     | __main__:subcube:136 - an error occurred
2023-10-12 08:17:07.631 | INFO     | __main__:subcube:87 - Start
2023-10-12 08:17:09.052 | INFO     | __main__:subcube:123 - Downloading Thun data
2023-10-12 08:18:14.453 | ERROR    | __main__:<module>:209 - An error has been caught in function '<module>', process 'MainProcess' (4328), thread 'MainThread' (140098837325632):
Traceback (most recent call last):

  File "/home/conda/fairicubeuc1/envs/fairicube_env/lib/python3.9/site-packages/sentinelhub/download/handlers.py", line 67, in new_download_func
    return download_func(self, request)
           │             │     └ DownloadRequest(url='https://services.sentinel-hub.com/api/v1/statistics', headers={'content-type': 'application/json', 'acce...
           │             └ <sentinelhub.download.sentinelhub_statistical_client.SentinelHubStatisticalDownloadClient object at 0x7f6b36f0c580>
           └ <function fail_user_errors.<locals>.new_download_func at 0x7f6b0c486ca0>
  File "/home/conda/fairicubeuc1/envs/fairicube_env/lib/python3.9/site-packages/sentinelhub/download/handlers.py", line 50, in new_download_func
    raise exception from exception
  File "/home/conda/fairicubeuc1/envs/fairicube_env/lib/python3.9/site-packages/sentinelhub/download/handlers.py", line 41, in new_download_func
    return download_func(self, request)
           │             │     └ DownloadRequest(url='https://services.sentinel-hub.com/api/v1/statistics', headers={'content-type': 'application/json', 'acce...
           │             └ <sentinelhub.download.sentinelhub_statistical_client.SentinelHubStatisticalDownloadClient object at 0x7f6b36f0c580>
           └ <function SentinelHubDownloadClient._execute_download at 0x7f6b0c486c10>
  File "/home/conda/fairicubeuc1/envs/fairicube_env/lib/python3.9/site-packages/sentinelhub/download/sentinelhub_client.py", line 90, in _execute_download
    response.raise_for_status()
    │        └ <function Response.raise_for_status at 0x7f6b0c81bee0>
    └ <Response [500]>
  File "/home/conda/fairicubeuc1/envs/fairicube_env/lib/python3.9/site-packages/requests/models.py", line 1021, in raise_for_status
    raise HTTPError(http_error_msg, response=self)
          │         │                        └ <Response [500]>
          │         └ '500 Server Error: Internal Server Error for url: https://services.sentinel-hub.com/api/v1/statistics'
          └ <class 'requests.exceptions.HTTPError'>

requests.exceptions.HTTPError: 500 Server Error: Internal Server Error for url: https://services.sentinel-hub.com/api/v1/statistics


The above exception was the direct cause of the following exception:


Traceback (most recent call last):

> File "/home/mari-s4e/uc1-urban-climate/processing/subcubes_hrl_city.py", line 209, in <module>
    df = subcube(hrl, '6b9bf6ea-3bf3-40b4-adf3-3f354c22d4b1')
         │       └ 'imd'
         └ <function subcube at 0x7f6b3711ce50>

  File "/home/mari-s4e/uc1-urban-climate/processing/subcubes_hrl_city.py", line 133, in subcube
    data = request.get_data()[0]
           │       └ <function DataRequest.get_data at 0x7f6b0c48a820>
           └ <sentinelhub.api.statistical.SentinelHubStatistical object at 0x7f6b36f0c4c0>

  File "/home/conda/fairicubeuc1/envs/fairicube_env/lib/python3.9/site-packages/sentinelhub/base.py", line 110, in get_data
    return self._execute_data_download(
           │    └ <function DataRequest._execute_data_download at 0x7f6b0c48a940>
           └ <sentinelhub.api.statistical.SentinelHubStatistical object at 0x7f6b36f0c4c0>
  File "/home/conda/fairicubeuc1/envs/fairicube_env/lib/python3.9/site-packages/sentinelhub/base.py", line 184, in _execute_data_download
    data_list = client.download(
                │      └ <function SentinelHubDownloadClient.download at 0x7f6b0c486b80>
                └ <sentinelhub.download.sentinelhub_statistical_client.SentinelHubStatisticalDownloadClient object at 0x7f6b36f0c580>
  File "/home/conda/fairicubeuc1/envs/fairicube_env/lib/python3.9/site-packages/sentinelhub/download/sentinelhub_client.py", line 62, in download
    return super().download(*args, **kwargs)
                             │       └ {'max_threads': None, 'decode_data': True, 'show_progress': False}
                             └ ([DownloadRequest(url='https://services.sentinel-hub.com/api/v1/statistics', headers={'content-type': 'application/json', 'ac...
  File "/home/conda/fairicubeuc1/envs/fairicube_env/lib/python3.9/site-packages/sentinelhub/download/client.py", line 113, in download
    data_list[future_order[future]] = self._process_download_future(future)
    │         │            │          │    │                        └ <Future at 0x7f6b36e5f9d0 state=finished raised DownloadFailedException>
    │         │            │          │    └ <function DownloadClient._process_download_future at 0x7f6b0c523e50>
    │         │            │          └ <sentinelhub.download.sentinelhub_statistical_client.SentinelHubStatisticalDownloadClient object at 0x7f6b36f0c580>
    │         │            └ <Future at 0x7f6b36e5f9d0 state=finished raised DownloadFailedException>
    │         └ {<Future at 0x7f6b36e5f9d0 state=finished raised DownloadFailedException>: 0}
    └ [None]
  File "/home/conda/fairicubeuc1/envs/fairicube_env/lib/python3.9/site-packages/sentinelhub/download/client.py", line 126, in _process_download_future
    raise download_exception.with_traceback(traceback)
                                            └ <traceback object at 0x7f6b36f249c0>
  File "/home/conda/fairicubeuc1/envs/fairicube_env/lib/python3.9/site-packages/sentinelhub/download/client.py", line 122, in _process_download_future
    return future.result()
           │      └ <function Future.result at 0x7f6b14d47040>
           └ <Future at 0x7f6b36e5f9d0 state=finished raised DownloadFailedException>
  File "/home/conda/fairicubeuc1/envs/fairicube_env/lib/python3.9/concurrent/futures/_base.py", line 439, in result
    return self.__get_result()
           └ None
  File "/home/conda/fairicubeuc1/envs/fairicube_env/lib/python3.9/concurrent/futures/_base.py", line 391, in __get_result
    raise self._exception
          └ None
  File "/home/conda/fairicubeuc1/envs/fairicube_env/lib/python3.9/concurrent/futures/thread.py", line 58, in run
    result = self.fn(*self.args, **self.kwargs)
             │        │            └ None
             │        └ None
             └ None
  File "/home/conda/fairicubeuc1/envs/fairicube_env/lib/python3.9/site-packages/sentinelhub/download/client.py", line 133, in _single_download_decoded
    response = self._single_download(request)
               │    │                └ DownloadRequest(url='https://services.sentinel-hub.com/api/v1/statistics', headers={'content-type': 'application/json', 'acce...
               │    └ <function DownloadClient._single_download at 0x7f6b0c523f70>
               └ <sentinelhub.download.sentinelhub_statistical_client.SentinelHubStatisticalDownloadClient object at 0x7f6b36f0c580>
  File "/home/conda/fairicubeuc1/envs/fairicube_env/lib/python3.9/site-packages/sentinelhub/download/client.py", line 146, in _single_download
    response = self._execute_download(request)
               │    │                 └ DownloadRequest(url='https://services.sentinel-hub.com/api/v1/statistics', headers={'content-type': 'application/json', 'acce...
               │    └ <function retry_temporary_errors.<locals>.new_download_func at 0x7f6b0c486d30>
               └ <sentinelhub.download.sentinelhub_statistical_client.SentinelHubStatisticalDownloadClient object at 0x7f6b36f0c580>
  File "/home/conda/fairicubeuc1/envs/fairicube_env/lib/python3.9/site-packages/sentinelhub/download/handlers.py", line 80, in new_download_func
    raise DownloadFailedException(message, request_exception=exception) from exception
          │                       └ 'Failed to download from:\nhttps://services.sentinel-hub.com/api/v1/statistics\nwith HTTPError:\n500 Server Error: Internal S...
          └ <class 'sentinelhub.exceptions.DownloadFailedException'>

sentinelhub.exceptions.DownloadFailedException: Failed to download from:
https://services.sentinel-hub.com/api/v1/statistics
with HTTPError:
500 Server Error: Internal Server Error for url: https://services.sentinel-hub.com/api/v1/statistics
Server response: "{"status": 500, "reason": "Internal Server Error", "message": "Processing error. RequestId=null", "code": "COMMON_EXCEPTION"}"
2023-10-12 08:21:00.328 | INFO     | __main__:subcube:87 - Start
2023-10-12 08:21:01.388 | INFO     | __main__:subcube:123 - Downloading Thun data
2023-10-12 08:22:58.189 | INFO     | __main__:subcube:87 - Start
2023-10-12 08:22:59.307 | INFO     | __main__:subcube:123 - Downloading Thun data
2023-10-12 08:23:01.223 | INFO     | __main__:subcube:123 - Downloading Zug data
2023-10-12 08:23:05.777 | INFO     | __main__:subcube:123 - Downloading Gent data
2023-10-12 08:23:10.859 | INFO     | __main__:subcube:123 - Downloading Charleroi data
2023-10-12 08:23:13.710 | INFO     | __main__:subcube:123 - Downloading Vratsa data
2023-10-12 08:23:13.723 | INFO     | __main__:subcube:157 - Splitting bounding box in (2, 2) subgrid
2023-10-12 08:23:36.046 | INFO     | __main__:subcube:123 - Downloading Metz data
2023-10-12 08:23:38.655 | INFO     | __main__:subcube:123 - Downloading Nîmes data
2023-10-12 08:23:42.174 | INFO     | __main__:subcube:123 - Downloading Le Mans data
2023-10-12 08:23:43.932 | INFO     | __main__:subcube:123 - Downloading Saint-Denis data
2023-10-12 08:23:44.323 | INFO     | __main__:subcube:123 - Downloading Troyes data
2023-10-12 08:23:46.174 | INFO     | __main__:subcube:123 - Downloading Valenciennes data
2023-10-12 08:23:48.886 | INFO     | __main__:subcube:123 - Downloading Fort-de-France data
2023-10-12 08:23:48.925 | INFO     | __main__:subcube:157 - Splitting bounding box in (2, 2) subgrid
2023-10-12 08:23:50.404 | INFO     | __main__:subcube:123 - Downloading Poitiers data
2023-10-12 08:23:52.472 | INFO     | __main__:subcube:123 - Downloading Liège data
2023-10-12 08:24:02.293 | INFO     | __main__:subcube:123 - Downloading Pazardzhik data
2023-10-12 08:24:02.306 | INFO     | __main__:subcube:157 - Splitting bounding box in (2, 2) subgrid
2023-10-12 08:24:22.567 | INFO     | __main__:subcube:123 - Downloading Haskovo data
2023-10-12 08:24:22.569 | INFO     | __main__:subcube:157 - Splitting bounding box in (2, 2) subgrid
2023-10-12 08:24:36.685 | INFO     | __main__:subcube:123 - Downloading Bern data
2023-10-12 08:24:45.594 | INFO     | __main__:subcube:123 - Downloading Szeged data
2023-10-12 08:24:45.595 | INFO     | __main__:subcube:157 - Splitting bounding box in (2, 2) subgrid
2023-10-12 08:24:55.941 | INFO     | __main__:subcube:123 - Downloading Gyõr data
2023-10-12 08:25:00.106 | INFO     | __main__:subcube:123 - Downloading Kecskemét data
2023-10-12 08:25:00.108 | INFO     | __main__:subcube:157 - Splitting bounding box in (2, 2) subgrid
2023-10-12 08:25:10.191 | INFO     | __main__:subcube:123 - Downloading Lefkosia data
2023-10-12 08:25:16.498 | INFO     | __main__:subcube:123 - Downloading Zürich data
2023-10-12 08:25:22.750 | INFO     | __main__:subcube:123 - Downloading Caen data
2023-10-12 08:25:25.186 | INFO     | __main__:subcube:123 - Downloading Bari data
2023-10-12 08:25:25.188 | INFO     | __main__:subcube:157 - Splitting bounding box in (2, 2) subgrid
2023-10-12 08:25:32.724 | INFO     | __main__:subcube:123 - Downloading Valence data
2023-10-12 08:25:34.813 | INFO     | __main__:subcube:123 - Downloading Brugge data
2023-10-12 08:25:37.788 | INFO     | __main__:subcube:123 - Downloading Namur data
2023-10-12 08:25:41.347 | INFO     | __main__:subcube:123 - Downloading Leuven data
2023-10-12 08:25:43.465 | INFO     | __main__:subcube:123 - Downloading Wien data
2023-10-12 08:25:43.466 | INFO     | __main__:subcube:157 - Splitting bounding box in (2, 2) subgrid
2023-10-12 08:25:57.551 | INFO     | __main__:subcube:123 - Downloading Graz data
2023-10-12 08:26:12.270 | INFO     | __main__:subcube:123 - Downloading Limoges data
2023-10-12 08:26:15.217 | INFO     | __main__:subcube:123 - Downloading Aix-en-Provence data
2023-10-12 08:26:24.498 | INFO     | __main__:subcube:123 - Downloading Genova data
2023-10-12 08:26:24.499 | INFO     | __main__:subcube:157 - Splitting bounding box in (2, 2) subgrid
2023-10-12 08:26:32.642 | INFO     | __main__:subcube:123 - Downloading Firenze data
2023-10-12 08:26:35.122 | INFO     | __main__:subcube:123 - Downloading Mons data
2023-10-12 08:26:39.409 | INFO     | __main__:subcube:123 - Downloading Genève data
2023-10-12 08:26:41.714 | INFO     | __main__:subcube:123 - Downloading Basel data
2023-10-12 08:26:44.846 | INFO     | __main__:subcube:123 - Downloading Lausanne data
2023-10-12 08:26:47.156 | INFO     | __main__:subcube:123 - Downloading La Rochelle data
2023-10-12 08:26:49.153 | INFO     | __main__:subcube:123 - Downloading Lorient data
2023-10-12 08:26:50.813 | INFO     | __main__:subcube:123 - Downloading Cherbourg-en-Cotentin data
2023-10-12 08:26:52.989 | INFO     | __main__:subcube:123 - Downloading Béziers data
2023-10-12 08:26:55.948 | INFO     | __main__:subcube:123 - Downloading Kortrijk data
2023-10-12 08:26:58.393 | INFO     | __main__:subcube:123 - Downloading Oostende data
2023-10-12 08:26:59.852 | INFO     | __main__:subcube:123 - Downloading Mechelen data
2023-10-12 08:27:02.186 | INFO     | __main__:subcube:123 - Downloading Mouscron data
2023-10-12 08:27:04.129 | INFO     | __main__:subcube:123 - Downloading Linz data
2023-10-12 08:27:06.972 | INFO     | __main__:subcube:123 - Downloading Salzburg data
2023-10-12 08:27:08.875 | INFO     | __main__:subcube:123 - Downloading Innsbruck data
2023-10-12 08:27:11.573 | INFO     | __main__:subcube:123 - Downloading Fréjus data
2023-10-12 08:27:16.305 | INFO     | __main__:subcube:123 - Downloading Chambéry data
2023-10-12 08:27:18.713 | INFO     | __main__:subcube:123 - Downloading Mantes-la-Jolie data
2023-10-12 08:27:20.014 | INFO     | __main__:subcube:123 - Downloading Douai data
2023-10-12 08:27:21.656 | INFO     | __main__:subcube:123 - Downloading La Louvière data
2023-10-12 08:27:24.521 | INFO     | __main__:subcube:123 - Downloading Verviers data
2023-10-12 08:27:25.811 | INFO     | __main__:subcube:123 - Downloading Luzern data
2023-10-12 08:27:29.148 | INFO     | __main__:subcube:123 - Downloading Winterthur data
2023-10-12 08:27:31.361 | INFO     | __main__:subcube:123 - Downloading Lugano data
2023-10-12 08:27:34.398 | INFO     | __main__:subcube:123 - Downloading Zadar data
2023-10-12 08:27:34.400 | INFO     | __main__:subcube:157 - Splitting bounding box in (3, 3) subgrid
2023-10-12 08:28:41.854 | INFO     | __main__:subcube:188 - an error occurred
2023-10-12 08:28:41.867 | INFO     | __main__:subcube:123 - Downloading Budapest data
2023-10-12 08:28:41.869 | INFO     | __main__:subcube:157 - Splitting bounding box in (2, 2) subgrid
2023-10-12 08:28:54.325 | INFO     | __main__:subcube:123 - Downloading Sofia data
2023-10-12 08:28:54.326 | INFO     | __main__:subcube:157 - Splitting bounding box in (3, 3) subgrid
2023-10-12 08:29:35.101 | INFO     | __main__:subcube:123 - Downloading Osijek data
2023-10-12 08:29:35.102 | INFO     | __main__:subcube:157 - Splitting bounding box in (2, 2) subgrid
2023-10-12 08:29:41.577 | INFO     | __main__:subcube:123 - Downloading Split data
2023-10-12 08:29:41.578 | INFO     | __main__:subcube:157 - Splitting bounding box in (2, 2) subgrid
2023-10-12 08:29:46.141 | INFO     | __main__:subcube:123 - Downloading Veszprém data
2023-10-12 08:29:48.929 | INFO     | __main__:subcube:123 - Downloading Békéscsaba data
2023-10-12 08:29:48.931 | INFO     | __main__:subcube:157 - Splitting bounding box in (2, 2) subgrid
2023-10-12 08:29:54.895 | INFO     | __main__:subcube:123 - Downloading Kaposvár data
2023-10-12 08:29:57.401 | INFO     | __main__:subcube:123 - Downloading Eger data
2023-10-12 08:29:59.898 | INFO     | __main__:subcube:123 - Downloading Plovdiv data
2023-10-12 08:30:01.975 | INFO     | __main__:subcube:123 - Downloading Varna data
2023-10-12 08:30:01.976 | INFO     | __main__:subcube:157 - Splitting bounding box in (2, 2) subgrid
2023-10-12 08:30:09.693 | INFO     | __main__:subcube:123 - Downloading Burgas data
2023-10-12 08:30:09.694 | INFO     | __main__:subcube:157 - Splitting bounding box in (2, 2) subgrid
2023-10-12 08:30:30.279 | INFO     | __main__:subcube:123 - Downloading Waterford data
2023-10-12 08:30:34.657 | INFO     | __main__:subcube:123 - Downloading Reims data
2023-10-12 08:30:36.552 | INFO     | __main__:subcube:123 - Downloading Napoli data
2023-10-12 08:30:36.554 | INFO     | __main__:subcube:157 - Splitting bounding box in (3, 3) subgrid
2023-10-12 08:31:46.550 | INFO     | __main__:subcube:188 - an error occurred
2023-10-12 08:31:46.563 | INFO     | __main__:subcube:123 - Downloading Torino data
2023-10-12 08:31:51.044 | INFO     | __main__:subcube:123 - Downloading Székesfehérvár data
2023-10-12 08:31:59.361 | INFO     | __main__:subcube:123 - Downloading Szombathely data
2023-10-12 08:32:03.335 | INFO     | __main__:subcube:123 - Downloading Szolnok data
2023-10-12 08:32:06.553 | INFO     | __main__:subcube:123 - Downloading Tatabánya data
2023-10-12 08:32:09.133 | INFO     | __main__:subcube:123 - Downloading Pleven data
2023-10-12 08:32:09.135 | INFO     | __main__:subcube:157 - Splitting bounding box in (2, 2) subgrid
2023-10-12 08:32:26.979 | INFO     | __main__:subcube:123 - Downloading Ruse data
2023-10-12 08:32:26.980 | INFO     | __main__:subcube:157 - Splitting bounding box in (2, 2) subgrid
2023-10-12 08:32:43.899 | INFO     | __main__:subcube:123 - Downloading Orléans data
2023-10-12 08:32:52.531 | INFO     | __main__:subcube:123 - Downloading Nancy data
2023-10-12 08:32:55.827 | INFO     | __main__:subcube:123 - Downloading Dijon data
2023-10-12 08:32:57.949 | INFO     | __main__:subcube:123 - Downloading Clermont-Ferrand data
2023-10-12 08:32:59.896 | INFO     | __main__:subcube:123 - Downloading Espoo/Esbo data
2023-10-12 08:32:59.898 | INFO     | __main__:subcube:157 - Splitting bounding box in (2, 2) subgrid
2023-10-12 08:33:10.190 | INFO     | __main__:subcube:123 - Downloading Paris data
2023-10-12 08:33:10.192 | INFO     | __main__:subcube:157 - Splitting bounding box in (3, 3) subgrid
2023-10-12 08:34:10.484 | INFO     | __main__:subcube:123 - Downloading Lyon data
2023-10-12 08:34:10.486 | INFO     | __main__:subcube:157 - Splitting bounding box in (2, 2) subgrid
2023-10-12 08:34:19.754 | INFO     | __main__:subcube:123 - Downloading Melun data
2023-10-12 08:34:21.319 | INFO     | __main__:subcube:123 - Downloading Vidin data
2023-10-12 08:34:21.320 | INFO     | __main__:subcube:157 - Splitting bounding box in (2, 2) subgrid
2023-10-12 08:34:46.018 | INFO     | __main__:subcube:123 - Downloading Pula/Pola data
2023-10-12 08:34:48.329 | INFO     | __main__:subcube:123 - Downloading Brest data
2023-10-12 08:34:49.985 | INFO     | __main__:subcube:123 - Downloading Amiens data
2023-10-12 08:34:52.497 | INFO     | __main__:subcube:123 - Downloading Dunkerque data
2023-10-12 08:35:01.493 | INFO     | __main__:subcube:123 - Downloading Perpignan data
2023-10-12 08:35:04.255 | INFO     | __main__:subcube:123 - Downloading Stara Zagora data
2023-10-12 08:35:04.256 | INFO     | __main__:subcube:157 - Splitting bounding box in (3, 3) subgrid
2023-10-12 08:35:36.203 | INFO     | __main__:subcube:123 - Downloading Miskolc data
2023-10-12 08:35:36.204 | INFO     | __main__:subcube:157 - Splitting bounding box in (2, 2) subgrid
2023-10-12 08:35:43.067 | INFO     | __main__:subcube:123 - Downloading Nyíregyháza data
2023-10-12 08:35:48.246 | INFO     | __main__:subcube:123 - Downloading Vantaa/Vanda data
2023-10-12 08:35:48.248 | INFO     | __main__:subcube:157 - Splitting bounding box in (2, 2) subgrid
2023-10-12 08:36:03.155 | INFO     | __main__:subcube:123 - Downloading Sliven data
2023-10-12 08:36:03.156 | INFO     | __main__:subcube:157 - Splitting bounding box in (3, 3) subgrid
2023-10-12 08:36:47.577 | INFO     | __main__:subcube:123 - Downloading Dobrich data
2023-10-12 08:36:49.517 | INFO     | __main__:subcube:123 - Downloading Turku/Åbo data
2023-10-12 08:36:49.519 | INFO     | __main__:subcube:157 - Splitting bounding box in (2, 2) subgrid
2023-10-12 08:38:06.671 | INFO     | __main__:subcube:188 - an error occurred
2023-10-12 08:38:06.689 | INFO     | __main__:subcube:123 - Downloading Le Havre data
2023-10-12 08:38:10.336 | INFO     | __main__:subcube:123 - Downloading Saint-Étienne data
2023-10-12 08:38:13.842 | INFO     | __main__:subcube:123 - Downloading Angers data
2023-10-12 08:38:16.535 | INFO     | __main__:subcube:123 - Downloading Lahti/Lahtis data
2023-10-12 08:38:16.536 | INFO     | __main__:subcube:157 - Splitting bounding box in (2, 2) subgrid
2023-10-12 08:38:26.087 | INFO     | __main__:subcube:123 - Downloading Kuopio data
2023-10-12 08:38:26.089 | INFO     | __main__:subcube:157 - Splitting bounding box in (5, 5) subgrid
2023-10-12 08:39:55.851 | INFO     | __main__:subcube:188 - an error occurred
2023-10-12 08:39:55.870 | INFO     | __main__:subcube:123 - Downloading Schweinfurt data
2023-10-12 08:39:58.162 | INFO     | __main__:subcube:123 - Downloading Greifswald data
2023-10-12 08:40:00.867 | INFO     | __main__:subcube:123 - Downloading Shumen data
2023-10-12 08:40:00.869 | INFO     | __main__:subcube:157 - Splitting bounding box in (2, 2) subgrid
2023-10-12 08:40:14.495 | INFO     | __main__:subcube:123 - Downloading Mulhouse data
2023-10-12 08:40:17.950 | INFO     | __main__:subcube:123 - Downloading Annecy data
2023-10-12 08:40:20.749 | INFO     | __main__:subcube:123 - Downloading Besançon data
2023-10-12 08:40:22.779 | INFO     | __main__:subcube:123 - Downloading Bayonne data
2023-10-12 08:40:24.743 | INFO     | __main__:subcube:123 - Downloading La Seyne-sur-Mer data
2023-10-12 08:40:27.120 | INFO     | __main__:subcube:123 - Downloading Pau data
2023-10-12 08:40:29.993 | INFO     | __main__:subcube:123 - Downloading Larnaka data
2023-10-12 08:40:32.874 | INFO     | __main__:subcube:123 - Downloading Klagenfurt data
2023-10-12 08:40:36.815 | INFO     | __main__:subcube:123 - Downloading Pécs data
2023-10-12 08:40:43.477 | INFO     | __main__:subcube:123 - Downloading Debrecen data
2023-10-12 08:40:43.479 | INFO     | __main__:subcube:157 - Splitting bounding box in (2, 2) subgrid
2023-10-12 08:40:58.283 | INFO     | __main__:subcube:123 - Downloading Jyväskylä data
2023-10-12 08:40:58.284 | INFO     | __main__:subcube:157 - Splitting bounding box in (3, 3) subgrid
2023-10-12 08:41:50.576 | INFO     | __main__:subcube:123 - Downloading Avignon data
2023-10-12 08:41:53.842 | INFO     | __main__:subcube:123 - Downloading Bruxelles/Brussel data
2023-10-12 08:41:57.135 | INFO     | __main__:subcube:123 - Downloading Antwerpen data
2023-10-12 08:41:57.136 | INFO     | __main__:subcube:157 - Splitting bounding box in (2, 2) subgrid
2023-10-12 08:42:03.863 | INFO     | __main__:subcube:123 - Downloading St. Gallen data
2023-10-12 08:42:05.464 | INFO     | __main__:subcube:123 - Downloading Biel/Bienne data
2023-10-12 08:42:06.833 | INFO     | __main__:subcube:123 - Downloading Veliko Tarnovo data
2023-10-12 08:42:06.835 | INFO     | __main__:subcube:157 - Splitting bounding box in (3, 3) subgrid
2023-10-12 08:43:16.672 | INFO     | __main__:subcube:188 - an error occurred
2023-10-12 08:43:16.685 | INFO     | __main__:subcube:123 - Downloading Pernik data
2023-10-12 08:43:16.686 | INFO     | __main__:subcube:157 - Splitting bounding box in (2, 2) subgrid
2023-10-12 08:43:28.177 | INFO     | __main__:subcube:123 - Downloading Yambol data
2023-10-12 08:43:30.797 | INFO     | __main__:subcube:123 - Downloading Reykjavík data
2023-10-12 08:43:30.837 | INFO     | __main__:subcube:157 - Splitting bounding box in (3, 3) subgrid
2023-10-12 08:44:43.072 | INFO     | __main__:subcube:188 - an error occurred
2023-10-12 08:44:43.091 | INFO     | __main__:subcube:123 - Downloading Lens data
2023-10-12 08:44:45.896 | INFO     | __main__:subcube:123 - Downloading Gießen data
2023-10-12 08:44:48.653 | INFO     | __main__:subcube:123 - Downloading Lüneburg data
2023-10-12 08:44:50.494 | INFO     | __main__:subcube:123 - Downloading Bayreuth data
2023-10-12 08:44:52.471 | INFO     | __main__:subcube:123 - Downloading Solingen data
2023-10-12 08:44:55.506 | INFO     | __main__:subcube:123 - Downloading Osnabrück data
2023-10-12 08:44:58.661 | INFO     | __main__:subcube:123 - Downloading Speyer data
2023-10-12 08:45:00.420 | INFO     | __main__:subcube:123 - Downloading Passau data
2023-10-12 08:45:02.581 | INFO     | __main__:subcube:123 - Downloading Leverkusen data
2023-10-12 08:45:08.128 | INFO     | __main__:subcube:123 - Downloading Oldenburg (Oldenburg) data
2023-10-12 08:45:10.502 | INFO     | __main__:subcube:123 - Downloading Neuss data
2023-10-12 08:45:14.146 | INFO     | __main__:subcube:123 - Downloading Heilbronn data
2023-10-12 08:45:16.903 | INFO     | __main__:subcube:123 - Downloading Remscheid data
2023-10-12 08:45:18.960 | INFO     | __main__:subcube:123 - Downloading Offenbach am Main data
2023-10-12 08:45:20.633 | INFO     | __main__:subcube:123 - Downloading Lemesos data
2023-10-12 08:45:23.317 | INFO     | __main__:subcube:123 - Downloading Ústí nad Labem data
2023-10-12 08:45:25.874 | INFO     | __main__:subcube:123 - Downloading Olomouc data
2023-10-12 08:45:28.657 | INFO     | __main__:subcube:123 - Downloading Havířov data
2023-10-12 08:45:31.143 | INFO     | __main__:subcube:123 - Downloading Most data
2023-10-12 08:45:34.436 | INFO     | __main__:subcube:123 - Downloading Karviná data
2023-10-12 08:45:38.089 | INFO     | __main__:subcube:123 - Downloading Hamburg data
2023-10-12 08:45:38.090 | INFO     | __main__:subcube:157 - Splitting bounding box in (5, 5) subgrid
2023-10-12 08:46:55.485 | INFO     | __main__:subcube:188 - an error occurred
2023-10-12 08:46:55.498 | INFO     | __main__:subcube:123 - Downloading München data
2023-10-12 08:46:55.499 | INFO     | __main__:subcube:157 - Splitting bounding box in (2, 2) subgrid
2023-10-12 08:47:03.969 | INFO     | __main__:subcube:123 - Downloading Leipzig data
2023-10-12 08:47:10.505 | INFO     | __main__:subcube:123 - Downloading Hannover data
2023-10-12 08:47:17.985 | INFO     | __main__:subcube:123 - Downloading Flensburg data
2023-10-12 08:47:19.623 | INFO     | __main__:subcube:123 - Downloading Wiesbaden data
2023-10-12 08:47:23.841 | INFO     | __main__:subcube:123 - Downloading Göttingen data
2023-10-12 08:47:26.430 | INFO     | __main__:subcube:123 - Downloading Mülheim a.d.Ruhr data
2023-10-12 08:47:28.672 | INFO     | __main__:subcube:123 - Downloading Moers data
2023-10-12 08:47:30.496 | INFO     | __main__:subcube:123 - Downloading Augsburg data
2023-10-12 08:47:34.456 | INFO     | __main__:subcube:123 - Downloading Bonn data
2023-10-12 08:47:37.188 | INFO     | __main__:subcube:123 - Downloading Rostock data
2023-10-12 08:47:42.436 | INFO     | __main__:subcube:123 - Downloading Marburg data
2023-10-12 08:47:44.981 | INFO     | __main__:subcube:123 - Downloading Wolfsburg data
2023-10-12 08:47:50.256 | INFO     | __main__:subcube:123 - Downloading Bremerhaven data
2023-10-12 08:47:52.641 | INFO     | __main__:subcube:123 - Downloading Celle data
2023-10-12 08:47:56.072 | INFO     | __main__:subcube:123 - Downloading Aschaffenburg data
2023-10-12 08:47:58.412 | INFO     | __main__:subcube:123 - Downloading Bamberg data
2023-10-12 08:48:00.096 | INFO     | __main__:subcube:123 - Downloading Köln data
2023-10-12 08:48:00.097 | INFO     | __main__:subcube:157 - Splitting bounding box in (2, 2) subgrid
2023-10-12 08:48:10.250 | INFO     | __main__:subcube:123 - Downloading Frankfurt am Main data
2023-10-12 08:48:15.935 | INFO     | __main__:subcube:123 - Downloading Dessau-Roßlau data
2023-10-12 08:48:15.936 | INFO     | __main__:subcube:157 - Splitting bounding box in (2, 2) subgrid
2023-10-12 08:48:23.974 | INFO     | __main__:subcube:123 - Downloading Duisburg data
2023-10-12 08:48:23.975 | INFO     | __main__:subcube:157 - Splitting bounding box in (2, 2) subgrid
2023-10-12 08:48:30.181 | INFO     | __main__:subcube:123 - Downloading Bottrop data
2023-10-12 08:48:32.365 | INFO     | __main__:subcube:123 - Downloading Liberec data
2023-10-12 08:48:35.161 | INFO     | __main__:subcube:123 - Downloading České Budějovice data
2023-10-12 08:48:37.021 | INFO     | __main__:subcube:123 - Downloading Hamm data
2023-10-12 08:48:41.110 | INFO     | __main__:subcube:123 - Downloading Herne data
2023-10-12 08:48:42.609 | INFO     | __main__:subcube:123 - Downloading Essen data
2023-10-12 08:48:46.409 | INFO     | __main__:subcube:123 - Downloading Stuttgart data
2023-10-12 08:48:50.936 | INFO     | __main__:subcube:123 - Downloading Praha data
2023-10-12 08:48:50.937 | INFO     | __main__:subcube:157 - Splitting bounding box in (2, 2) subgrid
2023-10-12 08:49:01.433 | INFO     | __main__:subcube:123 - Downloading Hradec Králové data
2023-10-12 08:49:04.390 | INFO     | __main__:subcube:123 - Downloading Chomutov-Jirkov data
2023-10-12 08:49:06.258 | INFO     | __main__:subcube:123 - Downloading Darmstadt data
2023-10-12 08:49:09.519 | INFO     | __main__:subcube:123 - Downloading Stralsund data
2023-10-12 08:49:11.610 | INFO     | __main__:subcube:123 - Downloading Friedrichshafen data
2023-10-12 08:49:13.800 | INFO     | __main__:subcube:123 - Downloading Offenburg data
2023-10-12 08:49:20.080 | INFO     | __main__:subcube:123 - Downloading Dresden data
2023-10-12 08:49:20.082 | INFO     | __main__:subcube:157 - Splitting bounding box in (2, 2) subgrid
2023-10-12 08:49:38.912 | INFO     | __main__:subcube:123 - Downloading Dortmund data
2023-10-12 08:49:44.121 | INFO     | __main__:subcube:123 - Downloading Nürnberg data
2023-10-12 08:49:49.635 | INFO     | __main__:subcube:123 - Downloading Trier data
2023-10-12 08:49:52.295 | INFO     | __main__:subcube:123 - Downloading Plauen data
2023-10-12 08:49:55.074 | INFO     | __main__:subcube:123 - Downloading Karlsruhe data
2023-10-12 08:49:58.717 | INFO     | __main__:subcube:123 - Downloading Mönchengladbach data
2023-10-12 08:50:02.887 | INFO     | __main__:subcube:123 - Downloading Mainz data
2023-10-12 08:50:05.394 | INFO     | __main__:subcube:123 - Downloading Kaiserslautern data
2023-10-12 08:50:08.604 | INFO     | __main__:subcube:123 - Downloading Iserlohn data
2023-10-12 08:50:10.982 | INFO     | __main__:subcube:123 - Downloading Esslingen am Neckar data
2023-10-12 08:50:12.406 | INFO     | __main__:subcube:123 - Downloading Konstanz data
2023-10-12 08:50:14.447 | INFO     | __main__:subcube:123 - Downloading Neumünster data
2023-10-12 08:50:16.660 | INFO     | __main__:subcube:123 - Downloading Neubrandenburg data
2023-10-12 08:50:19.548 | INFO     | __main__:subcube:123 - Downloading Ingolstadt data
2023-10-12 08:50:22.751 | INFO     | __main__:subcube:123 - Downloading Kiel data
2023-10-12 08:50:25.870 | INFO     | __main__:subcube:123 - Downloading Saarbrücken data
2023-10-12 08:50:31.802 | INFO     | __main__:subcube:123 - Downloading Mannheim data
2023-10-12 08:50:35.507 | INFO     | __main__:subcube:123 - Downloading Gelsenkirchen data
2023-10-12 08:50:38.423 | INFO     | __main__:subcube:123 - Downloading Münster data
2023-10-12 08:50:47.509 | INFO     | __main__:subcube:123 - Downloading Gera data
2023-10-12 08:50:55.568 | INFO     | __main__:subcube:123 - Downloading Heidelberg data
2023-10-12 08:50:58.670 | INFO     | __main__:subcube:123 - Downloading Paderborn data
2023-10-12 08:51:02.576 | INFO     | __main__:subcube:123 - Downloading Würzburg data
2023-10-12 08:51:06.406 | INFO     | __main__:subcube:123 - Downloading Recklinghausen data
2023-10-12 08:51:16.671 | INFO     | __main__:subcube:123 - Downloading Brno data
2023-10-12 08:51:21.196 | INFO     | __main__:subcube:123 - Downloading Lübeck data
2023-10-12 08:51:21.197 | INFO     | __main__:subcube:157 - Splitting bounding box in (2, 2) subgrid
2023-10-12 08:51:30.663 | INFO     | __main__:subcube:123 - Downloading Hagen data
2023-10-12 08:51:34.441 | INFO     | __main__:subcube:123 - Downloading Kassel data
2023-10-12 08:51:36.938 | INFO     | __main__:subcube:123 - Downloading Berlin data
2023-10-12 08:51:36.940 | INFO     | __main__:subcube:157 - Splitting bounding box in (2, 2) subgrid
2023-10-12 08:51:54.577 | INFO     | __main__:subcube:123 - Downloading Görlitz data
2023-10-12 08:51:56.609 | INFO     | __main__:subcube:123 - Downloading Sankt Augustin data
2023-10-12 08:51:59.239 | INFO     | __main__:subcube:123 - Downloading Neu-Ulm data
2023-10-12 08:52:01.457 | INFO     | __main__:subcube:123 - Downloading Düsseldorf data
2023-10-12 08:52:01.458 | INFO     | __main__:subcube:157 - Splitting bounding box in (2, 2) subgrid
2023-10-12 08:52:08.443 | INFO     | __main__:subcube:123 - Downloading Hanau data
2023-10-12 08:52:10.467 | INFO     | __main__:subcube:123 - Downloading Pardubice data
2023-10-12 08:52:12.465 | INFO     | __main__:subcube:123 - Downloading Zlín data
2023-10-12 08:52:16.111 | INFO     | __main__:subcube:123 - Downloading Freiburg im Breisgau data
2023-10-12 08:52:20.677 | INFO     | __main__:subcube:123 - Downloading Regensburg data
2023-10-12 08:52:22.750 | INFO     | __main__:subcube:123 - Downloading Frankfurt (Oder) data
2023-10-12 08:52:25.371 | INFO     | __main__:subcube:123 - Downloading Wilhelmshaven data
2023-10-12 08:52:27.582 | INFO     | __main__:subcube:123 - Downloading Ludwigsburg data
2023-10-12 08:52:29.126 | INFO     | __main__:subcube:123 - Downloading Chemnitz data
2023-10-12 08:52:34.923 | INFO     | __main__:subcube:123 - Downloading Bochum data
2023-10-12 08:52:53.264 | INFO     | __main__:subcube:123 - Downloading Bielefeld data
2023-10-12 08:53:00.308 | INFO     | __main__:subcube:123 - Downloading Fulda data
2023-10-12 08:53:05.143 | INFO     | __main__:subcube:123 - Downloading Kempten (Allgäu) data
2023-10-12 08:53:06.760 | INFO     | __main__:subcube:123 - Downloading Braunschweig data
2023-10-12 08:53:10.573 | INFO     | __main__:subcube:123 - Downloading Ostrava data
2023-10-12 08:53:15.231 | INFO     | __main__:subcube:123 - Downloading Brandenburg an der Havel data
2023-10-12 08:53:15.232 | INFO     | __main__:subcube:157 - Splitting bounding box in (2, 2) subgrid
2023-10-12 08:53:25.558 | INFO     | __main__:subcube:123 - Downloading Aachen data
2023-10-12 08:53:29.854 | INFO     | __main__:subcube:123 - Downloading Krefeld data
2023-10-12 08:53:35.471 | INFO     | __main__:subcube:123 - Downloading Oberhausen data
2023-10-12 08:53:37.755 | INFO     | __main__:subcube:123 - Downloading Rīga data
2023-10-12 08:53:37.756 | INFO     | __main__:subcube:157 - Splitting bounding box in (2, 2) subgrid
2023-10-12 08:53:45.163 | INFO     | __main__:subcube:123 - Downloading Liepāja data
2023-10-12 08:53:47.094 | INFO     | __main__:subcube:123 - Downloading Plzeň data
2023-10-12 08:53:49.833 | INFO     | __main__:subcube:123 - Downloading Ulm data
2023-10-12 08:53:52.690 | INFO     | __main__:subcube:123 - Downloading Pforzheim data
2023-10-12 08:53:54.788 | INFO     | __main__:subcube:123 - Downloading Kladno data
2023-10-12 08:53:56.199 | INFO     | __main__:subcube:123 - Downloading Weimar data
2023-10-12 08:53:58.229 | INFO     | __main__:subcube:123 - Downloading Schwerin data
2023-10-12 08:54:01.216 | INFO     | __main__:subcube:123 - Downloading Erfurt data
2023-10-12 08:54:06.013 | INFO     | __main__:subcube:123 - Downloading Jelgava data
2023-10-12 08:54:07.641 | INFO     | __main__:subcube:123 - Downloading Daugavpils data
2023-10-12 08:54:09.755 | INFO     | __main__:subcube:123 - Downloading Bremen data
2023-10-12 08:54:09.756 | INFO     | __main__:subcube:157 - Splitting bounding box in (3, 3) subgrid
2023-10-12 08:55:28.007 | INFO     | __main__:subcube:188 - an error occurred
2023-10-12 08:55:28.025 | INFO     | __main__:subcube:123 - Downloading Karlovy Vary data
2023-10-12 08:55:29.839 | INFO     | __main__:subcube:123 - Downloading Jihlava data
2023-10-12 08:55:32.148 | INFO     | __main__:subcube:123 - Downloading Landshut data
2023-10-12 08:55:34.636 | INFO     | __main__:subcube:123 - Downloading Sindelfingen data
2023-10-12 08:55:36.453 | INFO     | __main__:subcube:123 - Downloading Rosenheim data
2023-10-12 08:55:38.197 | INFO     | __main__:subcube:123 - Downloading Frankenthal (Pfalz) data
2023-10-12 08:55:40.678 | INFO     | __main__:subcube:123 - Downloading Potsdam data
2023-10-12 08:55:44.544 | INFO     | __main__:subcube:123 - Downloading Koblenz data
2023-10-12 08:55:47.580 | INFO     | __main__:subcube:123 - Downloading Wetzlar data
2023-10-12 08:55:50.332 | INFO     | __main__:subcube:123 - Downloading Tübingen data
2023-10-12 08:55:56.649 | INFO     | __main__:subcube:123 - Downloading Villingen-Schwenningen data
2023-10-12 08:56:13.467 | INFO     | __main__:subcube:123 - Downloading Ludwigshafen am Rhein data
2023-10-12 08:56:15.689 | INFO     | __main__:subcube:123 - Downloading Halle an der Saale data
2023-10-12 08:56:20.081 | INFO     | __main__:subcube:123 - Downloading Magdeburg data
2023-10-12 08:56:23.934 | INFO     | __main__:subcube:123 - Downloading Salzgitter data
2023-10-12 08:56:28.257 | INFO     | __main__:subcube:123 - Downloading Reutlingen data
2023-10-12 08:56:30.664 | INFO     | __main__:subcube:123 - Downloading Sintra data
2023-10-12 08:56:30.665 | INFO     | __main__:subcube:157 - Splitting bounding box in (2, 2) subgrid
2023-10-12 08:57:05.559 | INFO     | __main__:subcube:123 - Downloading Zielona Góra data
2023-10-12 08:57:23.530 | INFO     | __main__:subcube:123 - Downloading Vila Franca de Xira data
2023-10-12 08:57:23.532 | INFO     | __main__:subcube:157 - Splitting bounding box in (2, 2) subgrid
2023-10-12 08:57:35.845 | INFO     | __main__:subcube:123 - Downloading Athina data
2023-10-12 08:57:35.847 | INFO     | __main__:subcube:157 - Splitting bounding box in (2, 2) subgrid
2023-10-12 08:57:54.618 | INFO     | __main__:subcube:123 - Downloading Thessaloniki data
2023-10-12 08:57:57.939 | INFO     | __main__:subcube:123 - Downloading Pátra data
2023-10-12 08:58:00.809 | INFO     | __main__:subcube:123 - Downloading Irakleio data
2023-10-12 08:58:02.703 | INFO     | __main__:subcube:123 - Downloading Jelenia Góra data
2023-10-12 08:58:06.453 | INFO     | __main__:subcube:123 - Downloading Nowy Sącz data
2023-10-12 08:58:08.309 | INFO     | __main__:subcube:123 - Downloading Stavanger data
2023-10-12 08:58:08.312 | INFO     | __main__:subcube:157 - Splitting bounding box in (2, 2) subgrid
2023-10-12 08:59:30.815 | INFO     | __main__:subcube:188 - an error occurred
2023-10-12 08:59:30.834 | INFO     | __main__:subcube:123 - Downloading Warszawa data
2023-10-12 08:59:30.835 | INFO     | __main__:subcube:157 - Splitting bounding box in (2, 2) subgrid
2023-10-12 08:59:43.152 | INFO     | __main__:subcube:123 - Downloading Łódź data
2023-10-12 08:59:43.153 | INFO     | __main__:subcube:157 - Splitting bounding box in (2, 2) subgrid
2023-10-12 08:59:50.490 | INFO     | __main__:subcube:123 - Downloading Bergen data
2023-10-12 08:59:50.492 | INFO     | __main__:subcube:157 - Splitting bounding box in (2, 2) subgrid
2023-10-12 09:00:02.863 | INFO     | __main__:subcube:123 - Downloading Katowice data
2023-10-12 09:00:06.092 | INFO     | __main__:subcube:123 - Downloading Białystok data
2023-10-12 09:00:08.340 | INFO     | __main__:subcube:123 - Downloading Paredes data
2023-10-12 09:00:11.748 | INFO     | __main__:subcube:123 - Downloading Suwałki data
2023-10-12 09:00:13.962 | INFO     | __main__:subcube:123 - Downloading Póvoa de Varzim data
2023-10-12 09:00:16.667 | INFO     | __main__:subcube:123 - Downloading Badajoz data
2023-10-12 09:00:16.669 | INFO     | __main__:subcube:157 - Splitting bounding box in (4, 4) subgrid
2023-10-12 09:01:34.762 | INFO     | __main__:subcube:188 - an error occurred
2023-10-12 09:01:34.780 | INFO     | __main__:subcube:123 - Downloading Logroño data
2023-10-12 09:01:39.055 | INFO     | __main__:subcube:123 - Downloading Bilbao data
2023-10-12 09:01:39.056 | INFO     | __main__:subcube:157 - Splitting bounding box in (2, 2) subgrid
2023-10-12 09:01:50.179 | INFO     | __main__:subcube:123 - Downloading Ruda Śląska data
2023-10-12 09:01:55.005 | INFO     | __main__:subcube:123 - Downloading Rybnik data
2023-10-12 09:02:01.921 | INFO     | __main__:subcube:123 - Downloading Konin data
2023-10-12 09:02:04.711 | INFO     | __main__:subcube:123 - Downloading Żory data
2023-10-12 09:02:07.158 | INFO     | __main__:subcube:123 - Downloading Braga data
2023-10-12 09:02:10.968 | INFO     | __main__:subcube:123 - Downloading Oradea data
2023-10-12 09:02:13.640 | INFO     | __main__:subcube:123 - Downloading Bacău data
2023-10-12 09:02:15.349 | INFO     | __main__:subcube:123 - Downloading Fürth data
2023-10-12 09:02:17.889 | INFO     | __main__:subcube:123 - Downloading Cottbus data
2023-10-12 09:02:21.226 | INFO     | __main__:subcube:123 - Downloading Siegen data
2023-10-12 09:02:24.128 | INFO     | __main__:subcube:123 - Downloading Koszalin data
2023-10-12 09:02:26.614 | INFO     | __main__:subcube:123 - Downloading Słupsk data
2023-10-12 09:02:28.331 | INFO     | __main__:subcube:123 - Downloading Jastrzębie-Zdrój data
2023-10-12 09:02:30.391 | INFO     | __main__:subcube:123 - Downloading Larisa data
2023-10-12 09:02:33.259 | INFO     | __main__:subcube:123 - Downloading Volos data
2023-10-12 09:02:35.719 | INFO     | __main__:subcube:123 - Downloading Ioannina data
2023-10-12 09:02:48.568 | INFO     | __main__:subcube:123 - Downloading Kavala data
2023-10-12 09:02:50.690 | INFO     | __main__:subcube:123 - Downloading Kalamata data
2023-10-12 09:02:54.571 | INFO     | __main__:subcube:123 - Downloading Ponta Delgada data
2023-10-12 09:02:54.611 | INFO     | __main__:subcube:157 - Splitting bounding box in (2, 2) subgrid
2023-10-12 09:02:59.776 | INFO     | __main__:subcube:123 - Downloading Aveiro data
2023-10-12 09:02:59.778 | INFO     | __main__:subcube:157 - Splitting bounding box in (2, 2) subgrid
2023-10-12 09:03:05.898 | INFO     | __main__:subcube:123 - Downloading Kraków data
2023-10-12 09:03:05.899 | INFO     | __main__:subcube:157 - Splitting bounding box in (2, 2) subgrid
2023-10-12 09:03:13.111 | INFO     | __main__:subcube:123 - Downloading Siedlce data
2023-10-12 09:03:14.663 | INFO     | __main__:subcube:123 - Downloading Córdoba data
2023-10-12 09:03:14.664 | INFO     | __main__:subcube:157 - Splitting bounding box in (3, 3) subgrid
2023-10-12 09:03:43.519 | INFO     | __main__:subcube:123 - Downloading Alicante/Alacant data
2023-10-12 09:03:43.520 | INFO     | __main__:subcube:157 - Splitting bounding box in (2, 2) subgrid
2023-10-12 09:03:52.617 | INFO     | __main__:subcube:123 - Downloading Trondheim data
2023-10-12 09:03:52.619 | INFO     | __main__:subcube:157 - Splitting bounding box in (2, 2) subgrid
2023-10-12 09:04:09.462 | INFO     | __main__:subcube:123 - Downloading Lisboa data
2023-10-12 09:04:09.464 | INFO     | __main__:subcube:157 - Splitting bounding box in (3, 3) subgrid
2023-10-12 09:05:17.869 | INFO     | __main__:subcube:188 - an error occurred
2023-10-12 09:05:17.883 | INFO     | __main__:subcube:123 - Downloading Arad data
2023-10-12 09:05:23.562 | INFO     | __main__:subcube:123 - Downloading Wrocław data
2023-10-12 09:05:23.564 | INFO     | __main__:subcube:157 - Splitting bounding box in (2, 2) subgrid
2023-10-12 09:05:30.712 | INFO     | __main__:subcube:123 - Downloading Lugo data
2023-10-12 09:05:30.713 | INFO     | __main__:subcube:157 - Splitting bounding box in (2, 2) subgrid
2023-10-12 09:05:39.504 | INFO     | __main__:subcube:123 - Downloading San Fernando data
2023-10-12 09:05:40.873 | INFO     | __main__:subcube:123 - Downloading Girona data
2023-10-12 09:05:42.875 | INFO     | __main__:subcube:123 - Downloading Bergisch Gladbach data
2023-10-12 09:05:45.077 | INFO     | __main__:subcube:123 - Downloading Kielce data
2023-10-12 09:05:47.944 | INFO     | __main__:subcube:123 - Downloading Toruń data
2023-10-12 09:05:50.802 | INFO     | __main__:subcube:123 - Downloading Olsztyn data
2023-10-12 09:05:52.732 | INFO     | __main__:subcube:123 - Downloading Timişoara data
2023-10-12 09:05:55.833 | INFO     | __main__:subcube:123 - Downloading Craiova data
2023-10-12 09:06:02.416 | INFO     | __main__:subcube:123 - Downloading Brăila data
2023-10-12 09:06:08.811 | INFO     | __main__:subcube:123 - Downloading Częstochowa data
2023-10-12 09:06:12.486 | INFO     | __main__:subcube:123 - Downloading Hildesheim data
2023-10-12 09:06:15.005 | INFO     | __main__:subcube:123 - Downloading Witten data
2023-10-12 09:06:17.156 | INFO     | __main__:subcube:123 - Downloading Zwickau data
2023-10-12 09:06:20.186 | INFO     | __main__:subcube:123 - Downloading Trikala data
2023-10-12 09:06:22.189 | INFO     | __main__:subcube:123 - Downloading Tychy data
2023-10-12 09:06:23.886 | INFO     | __main__:subcube:123 - Downloading Wałbrzych data
2023-10-12 09:06:26.078 | INFO     | __main__:subcube:123 - Downloading Radom data
2023-10-12 09:06:28.797 | INFO     | __main__:subcube:123 - Downloading Płock data
2023-10-12 09:06:30.850 | INFO     | __main__:subcube:123 - Downloading Kalisz data
2023-10-12 09:06:32.851 | INFO     | __main__:subcube:123 - Downloading Piotrków Trybunalski data
2023-10-12 09:06:34.527 | INFO     | __main__:subcube:123 - Downloading Lubin data
2023-10-12 09:06:35.932 | INFO     | __main__:subcube:123 - Downloading Piła data
2023-10-12 09:06:38.802 | INFO     | __main__:subcube:123 - Downloading Inowrocław data
2023-10-12 09:06:40.068 | INFO     | __main__:subcube:123 - Downloading Serres data
2023-10-12 09:06:43.048 | INFO     | __main__:subcube:123 - Downloading Katerini data
2023-10-12 09:06:45.909 | INFO     | __main__:subcube:123 - Downloading Xanthi data
2023-10-12 09:06:47.396 | INFO     | __main__:subcube:123 - Downloading Chania data
2023-10-12 09:06:48.579 | INFO     | __main__:subcube:123 - Downloading Rzeszów data
2023-10-12 09:06:51.422 | INFO     | __main__:subcube:123 - Downloading Bucureşti data
2023-10-12 09:06:56.030 | INFO     | __main__:subcube:123 - Downloading Cluj-Napoca data
2023-10-12 09:07:00.389 | INFO     | __main__:subcube:123 - Downloading Ostrowiec Świętokrzyski data
2023-10-12 09:07:01.932 | INFO     | __main__:subcube:123 - Downloading Gniezno data
2023-10-12 09:07:03.324 | INFO     | __main__:subcube:123 - Downloading Stargard data
2023-10-12 09:07:05.054 | INFO     | __main__:subcube:123 - Downloading Ostrów Wielkopolski data
2023-10-12 09:07:06.496 | INFO     | __main__:subcube:123 - Downloading Przemyśl data
2023-10-12 09:07:08.013 | INFO     | __main__:subcube:123 - Downloading Vigo data
2023-10-12 09:07:12.582 | INFO     | __main__:subcube:123 - Downloading Gijón data
2023-10-12 09:07:16.419 | INFO     | __main__:subcube:123 - Downloading Elbląg data
2023-10-12 09:07:18.603 | INFO     | __main__:subcube:123 - Downloading Włocławek data
2023-10-12 09:07:21.393 | INFO     | __main__:subcube:123 - Downloading Tarnów data
2023-10-12 09:07:22.982 | INFO     | __main__:subcube:123 - Downloading Porto data
2023-10-12 09:07:22.984 | INFO     | __main__:subcube:157 - Splitting bounding box in (2, 2) subgrid
2023-10-12 09:07:35.725 | INFO     | __main__:subcube:123 - Downloading Erlangen data
2023-10-12 09:07:37.541 | INFO     | __main__:subcube:123 - Downloading Wuppertal data
2023-10-12 09:07:41.524 | INFO     | __main__:subcube:123 - Downloading Cuenca data
2023-10-12 09:07:41.526 | INFO     | __main__:subcube:157 - Splitting bounding box in (4, 4) subgrid
2023-10-12 09:08:49.122 | INFO     | __main__:subcube:188 - an error occurred
2023-10-12 09:08:49.136 | INFO     | __main__:subcube:123 - Downloading Eivissa data
2023-10-12 09:08:50.377 | INFO     | __main__:subcube:123 - Downloading Madrid data
2023-10-12 09:08:50.379 | INFO     | __main__:subcube:157 - Splitting bounding box in (3, 3) subgrid
2023-10-12 09:09:30.466 | INFO     | __main__:subcube:123 - Downloading Faro data
2023-10-12 09:09:30.468 | INFO     | __main__:subcube:157 - Splitting bounding box in (2, 2) subgrid
2023-10-12 09:09:36.831 | INFO     | __main__:subcube:123 - Downloading Opole data
2023-10-12 09:09:40.319 | INFO     | __main__:subcube:123 - Downloading Granada data
2023-10-12 09:09:40.320 | INFO     | __main__:subcube:157 - Splitting bounding box in (2, 2) subgrid
2023-10-12 09:09:53.777 | INFO     | __main__:subcube:123 - Downloading Elche/Elx data
2023-10-12 09:09:53.778 | INFO     | __main__:subcube:157 - Splitting bounding box in (2, 2) subgrid
2023-10-12 09:10:01.482 | INFO     | __main__:subcube:123 - Downloading Linares data
2023-10-12 09:10:05.935 | INFO     | __main__:subcube:123 - Downloading Santa Cruz de Tenerife data
2023-10-12 09:10:05.953 | INFO     | __main__:subcube:157 - Splitting bounding box in (2, 2) subgrid
2023-10-12 09:10:15.235 | INFO     | __main__:subcube:123 - Downloading Gorzów Wielkopolski data
2023-10-12 09:10:17.552 | INFO     | __main__:subcube:123 - Downloading Chorzów data
2023-10-12 09:10:19.193 | INFO     | __main__:subcube:123 - Downloading Legnica data
2023-10-12 09:10:20.695 | INFO     | __main__:subcube:123 - Downloading Grudziądz data
2023-10-12 09:10:23.137 | INFO     | __main__:subcube:123 - Downloading Lorca data
2023-10-12 09:10:23.138 | INFO     | __main__:subcube:157 - Splitting bounding box in (3, 3) subgrid
2023-10-12 09:12:08.324 | INFO     | __main__:subcube:188 - an error occurred
2023-10-12 09:12:08.342 | INFO     | __main__:subcube:123 - Downloading Bytom data
2023-10-12 09:12:10.101 | INFO     | __main__:subcube:123 - Downloading Bielsko-Biała data
2023-10-12 09:12:12.790 | INFO     | __main__:subcube:123 - Downloading San Sebastián/Donostia data
2023-10-12 09:12:15.567 | INFO     | __main__:subcube:123 - Downloading Alcalá de Henares data
2023-10-12 09:12:17.977 | INFO     | __main__:subcube:123 - Downloading Almería data
2023-10-12 09:12:17.979 | INFO     | __main__:subcube:157 - Splitting bounding box in (5, 5) subgrid
2023-10-12 09:13:33.637 | INFO     | __main__:subcube:188 - an error occurred
2023-10-12 09:13:33.655 | INFO     | __main__:subcube:123 - Downloading Palma de Mallorca data
2023-10-12 09:13:33.656 | INFO     | __main__:subcube:157 - Splitting bounding box in (3, 3) subgrid
2023-10-12 09:14:41.815 | INFO     | __main__:subcube:188 - an error occurred
2023-10-12 09:14:41.829 | INFO     | __main__:subcube:123 - Downloading Alcoy data
2023-10-12 09:14:44.723 | INFO     | __main__:subcube:123 - Downloading Marseille data
2023-10-12 09:14:44.724 | INFO     | __main__:subcube:157 - Splitting bounding box in (2, 2) subgrid
2023-10-12 09:15:01.860 | INFO     | __main__:subcube:123 - Downloading Galway data
2023-10-12 09:15:03.748 | INFO     | __main__:subcube:123 - Downloading Århus data
2023-10-12 09:15:03.749 | INFO     | __main__:subcube:157 - Splitting bounding box in (2, 2) subgrid
2023-10-12 09:15:15.720 | INFO     | __main__:subcube:123 - Downloading Ávila data
2023-10-12 09:15:15.721 | INFO     | __main__:subcube:157 - Splitting bounding box in (2, 2) subgrid
2023-10-12 09:15:25.992 | INFO     | __main__:subcube:123 - Downloading Colmar data
2023-10-12 09:15:28.230 | INFO     | __main__:subcube:123 - Downloading Martigues data
2023-10-12 09:15:30.141 | INFO     | __main__:subcube:123 - Downloading Meaux data
2023-10-12 09:15:31.496 | INFO     | __main__:subcube:123 - Downloading Bourges data
2023-10-12 09:15:33.684 | INFO     | __main__:subcube:123 - Downloading Saint-Brieuc data
2023-10-12 09:15:36.080 | INFO     | __main__:subcube:123 - Downloading Málaga data
2023-10-12 09:15:36.081 | INFO     | __main__:subcube:157 - Splitting bounding box in (2, 2) subgrid
2023-10-12 09:15:45.736 | INFO     | __main__:subcube:123 - Downloading Burgos data
2023-10-12 09:15:48.574 | INFO     | __main__:subcube:123 - Downloading Salamanca data
2023-10-12 09:15:50.199 | INFO     | __main__:subcube:123 - Downloading Ciudad Real data
2023-10-12 09:15:50.200 | INFO     | __main__:subcube:157 - Splitting bounding box in (2, 2) subgrid
2023-10-12 09:16:07.265 | INFO     | __main__:subcube:123 - Downloading Benidorm data
2023-10-12 09:16:09.930 | INFO     | __main__:subcube:123 - Downloading Melilla data
2023-10-12 09:16:09.931 | INFO     | __main__:subcube:157 - Splitting bounding box in (6, 6) subgrid
2023-10-12 09:17:18.088 | INFO     | __main__:subcube:188 - an error occurred
2023-10-12 09:17:18.102 | INFO     | __main__:subcube:123 - Downloading Ponferrada data
2023-10-12 09:17:18.103 | INFO     | __main__:subcube:157 - Splitting bounding box in (2, 2) subgrid
2023-10-12 09:17:30.320 | INFO     | __main__:subcube:123 - Downloading Helsinki/Helsingfors data
2023-10-12 09:17:30.323 | INFO     | __main__:subcube:157 - Splitting bounding box in (2, 2) subgrid
2023-10-12 09:17:38.662 | INFO     | __main__:subcube:123 - Downloading Tampere/Tammerfors data
2023-10-12 09:17:38.664 | INFO     | __main__:subcube:157 - Splitting bounding box in (2, 2) subgrid
2023-10-12 09:17:56.975 | INFO     | __main__:subcube:123 - Downloading Albacete data
2023-10-12 09:17:56.977 | INFO     | __main__:subcube:157 - Splitting bounding box in (3, 3) subgrid
2023-10-12 09:18:30.371 | INFO     | __main__:subcube:123 - Downloading Castellón de la Plana/Castelló de la Plana data
2023-10-12 09:18:30.372 | INFO     | __main__:subcube:157 - Splitting bounding box in (3, 3) subgrid
2023-10-12 09:19:38.728 | INFO     | __main__:subcube:188 - an error occurred
2023-10-12 09:19:38.741 | INFO     | __main__:subcube:123 - Downloading Talavera de la Reina data
2023-10-12 09:19:38.743 | INFO     | __main__:subcube:157 - Splitting bounding box in (2, 2) subgrid
2023-10-12 09:19:48.023 | INFO     | __main__:subcube:123 - Downloading Tartu data
2023-10-12 09:19:50.874 | INFO     | __main__:subcube:123 - Downloading Santiago de Compostela data
2023-10-12 09:19:57.295 | INFO     | __main__:subcube:123 - Downloading Roma data
2023-10-12 09:19:57.297 | INFO     | __main__:subcube:157 - Splitting bounding box in (3, 3) subgrid
2023-10-12 09:21:40.211 | INFO     | __main__:subcube:188 - an error occurred
2023-10-12 09:21:40.230 | INFO     | __main__:subcube:123 - Downloading Bordeaux data
2023-10-12 09:21:40.231 | INFO     | __main__:subcube:157 - Splitting bounding box in (2, 2) subgrid
2023-10-12 09:21:53.775 | INFO     | __main__:subcube:123 - Downloading A Coruña data
2023-10-12 09:21:55.013 | INFO     | __main__:subcube:123 - Downloading Reus data
2023-10-12 09:21:56.783 | INFO     | __main__:subcube:123 - Downloading Telde data
2023-10-12 09:21:59.964 | INFO     | __main__:subcube:123 - Downloading Palencia data
2023-10-12 09:22:03.623 | INFO     | __main__:subcube:123 - Downloading Odense data
2023-10-12 09:22:03.625 | INFO     | __main__:subcube:157 - Splitting bounding box in (2, 2) subgrid
2023-10-12 09:22:12.587 | INFO     | __main__:subcube:123 - Downloading Oviedo data
2023-10-12 09:22:19.486 | INFO     | __main__:subcube:123 - Downloading Pamplona/Iruña data
2023-10-12 09:22:25.190 | INFO     | __main__:subcube:123 - Downloading Santander data
2023-10-12 09:22:28.403 | INFO     | __main__:subcube:123 - Downloading Toulouse data
2023-10-12 09:22:33.973 | INFO     | __main__:subcube:123 - Downloading Nantes data
2023-10-12 09:22:33.974 | INFO     | __main__:subcube:157 - Splitting bounding box in (2, 2) subgrid
2023-10-12 09:22:50.760 | INFO     | __main__:subcube:123 - Downloading Quimper data
2023-10-12 09:22:53.795 | INFO     | __main__:subcube:123 - Downloading Murcia data
2023-10-12 09:22:53.796 | INFO     | __main__:subcube:157 - Splitting bounding box in (3, 3) subgrid
2023-10-12 09:23:24.007 | INFO     | __main__:subcube:123 - Downloading Huelva data
2023-10-12 09:23:24.009 | INFO     | __main__:subcube:157 - Splitting bounding box in (2, 2) subgrid
2023-10-12 09:23:32.584 | INFO     | __main__:subcube:123 - Downloading Cádiz data
2023-10-12 09:23:34.908 | INFO     | __main__:subcube:123 - Downloading Narva data
2023-10-12 09:23:41.068 | INFO     | __main__:subcube:123 - Downloading Toledo data
2023-10-12 09:23:41.069 | INFO     | __main__:subcube:157 - Splitting bounding box in (2, 2) subgrid
2023-10-12 09:23:52.972 | INFO     | __main__:subcube:123 - Downloading Belfort data
2023-10-12 09:23:55.546 | INFO     | __main__:subcube:123 - Downloading Cayenne data
2023-10-12 09:23:55.586 | INFO     | __main__:subcube:157 - Splitting bounding box in (11, 11) subgrid
2023-10-12 09:24:44.996 | INFO     | __main__:subcube:123 - Downloading Hayange data
2023-10-12 09:24:47.571 | INFO     | __main__:subcube:123 - Downloading Saint-Louis data
2023-10-12 09:24:47.920 | INFO     | __main__:subcube:123 - Downloading Cáceres data
2023-10-12 09:24:47.921 | INFO     | __main__:subcube:157 - Splitting bounding box in (3, 3) subgrid
2023-10-12 09:25:28.575 | INFO     | __main__:subcube:123 - Downloading Torrevieja data
2023-10-12 09:25:30.321 | INFO     | __main__:subcube:123 - Downloading Puerto de Santa María, El data
2023-10-12 09:25:30.322 | INFO     | __main__:subcube:157 - Splitting bounding box in (2, 2) subgrid
2023-10-12 09:25:36.863 | INFO     | __main__:subcube:123 - Downloading Avilés data
2023-10-12 09:25:38.025 | INFO     | __main__:subcube:123 - Downloading León data
2023-10-12 09:25:39.428 | INFO     | __main__:subcube:123 - Downloading Tarragona data
2023-10-12 09:25:41.680 | INFO     | __main__:subcube:123 - Downloading Ferrol data
2023-10-12 09:25:43.782 | INFO     | __main__:subcube:123 - Downloading Vitoria/Gasteiz data
2023-10-12 09:25:49.624 | INFO     | __main__:subcube:123 - Downloading Benalmádena data
2023-10-12 09:25:50.916 | INFO     | __main__:subcube:123 - Downloading Chiclana de la Frontera data
2023-10-12 09:25:54.044 | INFO     | __main__:subcube:123 - Downloading Collado Villalba data
2023-10-12 09:25:55.197 | INFO     | __main__:subcube:123 - Downloading Zamora data
2023-10-12 09:26:09.973 | INFO     | __main__:subcube:123 - Downloading Jena data
2023-10-12 09:26:13.068 | INFO     | __main__:subcube:123 - Downloading Düren, Stadt data
2023-10-12 09:26:14.958 | INFO     | __main__:subcube:123 - Downloading Bocholt, Stadt data
2023-10-12 09:26:17.660 | INFO     | __main__:subcube:123 - Downloading Pontevedra data
2023-10-12 09:26:20.170 | INFO     | __main__:subcube:123 - Downloading Ceuta data
2023-10-12 09:26:20.172 | INFO     | __main__:subcube:157 - Splitting bounding box in (5, 5) subgrid
2023-10-12 09:27:27.934 | INFO     | __main__:subcube:188 - an error occurred
2023-10-12 09:27:27.948 | INFO     | __main__:subcube:123 - Downloading Las Palmas data
2023-10-12 09:27:30.965 | INFO     | __main__:subcube:123 - Downloading Arrecife data
2023-10-12 09:27:32.346 | INFO     | __main__:subcube:123 - Downloading Elda data
2023-10-12 09:27:35.643 | INFO     | __main__:subcube:123 - Downloading Santa Lucía de Tirajana data
2023-10-12 09:27:38.003 | INFO     | __main__:subcube:123 - Downloading Mollet del Vallès data
2023-10-12 09:27:39.153 | INFO     | __main__:subcube:123 - Downloading Dublin data
2023-10-12 09:27:39.155 | INFO     | __main__:subcube:157 - Splitting bounding box in (3, 3) subgrid
2023-10-12 09:28:55.519 | INFO     | __main__:subcube:188 - an error occurred
2023-10-12 09:28:55.536 | INFO     | __main__:subcube:123 - Downloading Barcelona data
2023-10-12 09:28:55.538 | INFO     | __main__:subcube:157 - Splitting bounding box in (2, 2) subgrid
2023-10-12 09:29:24.586 | INFO     | __main__:subcube:123 - Downloading Jaén data
2023-10-12 09:29:24.588 | INFO     | __main__:subcube:157 - Splitting bounding box in (2, 2) subgrid
2023-10-12 09:29:39.006 | INFO     | __main__:subcube:123 - Downloading Lleida data
2023-10-12 09:29:39.007 | INFO     | __main__:subcube:157 - Splitting bounding box in (2, 2) subgrid
2023-10-12 09:29:48.291 | INFO     | __main__:subcube:123 - Downloading Ourense data
2023-10-12 09:29:50.502 | INFO     | __main__:subcube:123 - Downloading Mataró data
2023-10-12 09:29:51.529 | INFO     | __main__:subcube:123 - Downloading Nice data
2023-10-12 09:29:51.530 | INFO     | __main__:subcube:157 - Splitting bounding box in (2, 2) subgrid
2023-10-12 09:29:58.604 | INFO     | __main__:subcube:123 - Downloading Strasbourg data
2023-10-12 09:30:01.539 | INFO     | __main__:subcube:123 - Downloading Rouen data
2023-10-12 09:30:04.938 | INFO     | __main__:subcube:123 - Downloading Vannes data
2023-10-12 09:30:06.524 | INFO     | __main__:subcube:123 - Downloading Cartagena data
2023-10-12 09:30:06.525 | INFO     | __main__:subcube:157 - Splitting bounding box in (2, 2) subgrid
2023-10-12 09:30:20.861 | INFO     | __main__:subcube:123 - Downloading Gandia data
2023-10-12 09:30:22.812 | INFO     | __main__:subcube:123 - Downloading Fuengirola data
2023-10-12 09:30:24.033 | INFO     | __main__:subcube:123 - Downloading Sanlúcar de Barrameda data
2023-10-12 09:30:24.034 | INFO     | __main__:subcube:157 - Splitting bounding box in (2, 2) subgrid
2023-10-12 09:30:29.919 | INFO     | __main__:subcube:123 - Downloading Vilanova i la Geltrú data
2023-10-12 09:30:31.072 | INFO     | __main__:subcube:123 - Downloading Línea de la Concepción, La data
2023-10-12 09:30:32.382 | INFO     | __main__:subcube:123 - Downloading Torremolinos data
2023-10-12 09:30:33.675 | INFO     | __main__:subcube:123 - Downloading Irun data
2023-10-12 09:30:35.170 | INFO     | __main__:subcube:123 - Downloading Granollers data
2023-10-12 09:30:36.067 | INFO     | __main__:subcube:123 - Downloading Annemasse-Geneva (French part) data
2023-10-12 09:30:37.183 | INFO     | __main__:subcube:123 - Downloading Saint-Louis-Bâle (French part) data
2023-10-12 09:30:38.623 | INFO     | __main__:subcube:123 - Downloading Cork data
2023-10-12 09:30:41.732 | INFO     | __main__:subcube:123 - Downloading Palermo data
2023-10-12 09:30:45.486 | INFO     | __main__:subcube:123 - Downloading Montpellier data
2023-10-12 09:30:48.577 | INFO     | __main__:subcube:123 - Downloading Mérida data
2023-10-12 09:30:48.579 | INFO     | __main__:subcube:157 - Splitting bounding box in (3, 3) subgrid
2023-10-12 09:31:11.773 | INFO     | __main__:subcube:123 - Downloading Sagunto data
2023-10-12 09:31:15.376 | INFO     | __main__:subcube:123 - Downloading Torrelavega data
2023-10-12 09:31:16.475 | INFO     | __main__:subcube:123 - Downloading Valdemoro data
2023-10-12 09:31:18.312 | INFO     | __main__:subcube:123 - Downloading Puerto de la Cruz data
2023-10-12 09:31:20.117 | INFO     | __main__:subcube:123 - Downloading Igualada data
2023-10-12 09:31:21.713 | INFO     | __main__:subcube:123 - Downloading Aalborg data
2023-10-12 09:31:21.715 | INFO     | __main__:subcube:157 - Splitting bounding box in (3, 3) subgrid
2023-10-12 09:32:47.984 | INFO     | __main__:subcube:188 - an error occurred
2023-10-12 09:32:48.003 | INFO     | __main__:subcube:123 - Downloading Grenoble data
2023-10-12 09:32:52.197 | INFO     | __main__:subcube:123 - Downloading Tours data
2023-10-12 09:32:56.738 | INFO     | __main__:subcube:123 - Downloading Valencia data
2023-10-12 09:32:56.740 | INFO     | __main__:subcube:157 - Splitting bounding box in (2, 2) subgrid
2023-10-12 09:33:07.648 | INFO     | __main__:subcube:123 - Downloading Sevilla data
2023-10-12 09:33:07.650 | INFO     | __main__:subcube:157 - Splitting bounding box in (2, 2) subgrid
2023-10-12 09:33:15.301 | INFO     | __main__:subcube:123 - Downloading Valladolid data
2023-10-12 09:33:15.303 | INFO     | __main__:subcube:157 - Splitting bounding box in (2, 2) subgrid
2023-10-12 09:33:24.212 | INFO     | __main__:subcube:123 - Downloading Dos Hermanas data
2023-10-12 09:33:28.182 | INFO     | __main__:subcube:123 - Downloading Algeciras data
2023-10-12 09:33:30.706 | INFO     | __main__:subcube:123 - Downloading Milano data
2023-10-12 09:33:30.708 | INFO     | __main__:subcube:157 - Splitting bounding box in (3, 3) subgrid
2023-10-12 09:34:00.883 | INFO     | __main__:subcube:123 - Downloading Lille data
2023-10-12 09:34:00.885 | INFO     | __main__:subcube:157 - Splitting bounding box in (2, 2) subgrid
2023-10-12 09:34:11.629 | INFO     | __main__:subcube:123 - Downloading Chartres data
2023-10-12 09:34:13.702 | INFO     | __main__:subcube:123 - Downloading Limerick data
2023-10-12 09:34:18.240 | INFO     | __main__:subcube:123 - Downloading Jerez de la Frontera data
2023-10-12 09:34:18.241 | INFO     | __main__:subcube:157 - Splitting bounding box in (3, 3) subgrid
2023-10-12 09:36:09.521 | INFO     | __main__:subcube:188 - an error occurred
2023-10-12 09:36:09.540 | INFO     | __main__:subcube:123 - Downloading San Vicente del Raspeig/Sant Vicent del Raspeig data
2023-10-12 09:36:11.911 | INFO     | __main__:subcube:123 - Downloading Marbella data
2023-10-12 09:36:15.329 | INFO     | __main__:subcube:123 - Downloading Torrejón de Ardoz data
2023-10-12 09:36:17.969 | INFO     | __main__:subcube:123 - Downloading Alcalá de Guadaíra data
2023-10-12 09:36:17.970 | INFO     | __main__:subcube:157 - Splitting bounding box in (2, 2) subgrid
2023-10-12 09:36:28.547 | INFO     | __main__:subcube:123 - Downloading Creil data
2023-10-12 09:36:30.332 | INFO     | __main__:subcube:123 - Downloading Boulogne-sur-Mer data
2023-10-12 09:36:32.859 | INFO     | __main__:subcube:123 - Downloading Calais data
2023-10-12 09:36:34.466 | INFO     | __main__:subcube:123 - Downloading Mamoudzou data
2023-10-12 09:36:34.985 | INFO     | __main__:subcube:123 - Downloading Montbéliard data
2023-10-12 09:36:36.926 | INFO     | __main__:subcube:123 - Downloading Arras data
2023-10-12 09:36:38.597 | INFO     | __main__:subcube:123 - Downloading Dunaújváros data
2023-10-12 09:36:40.315 | INFO     | __main__:subcube:123 - Downloading Cannes-Antibes data
2023-10-12 09:36:43.674 | INFO     | __main__:subcube:123 - Downloading Toulon data
2023-10-12 09:36:46.210 | INFO     | __main__:subcube:123 - Downloading Rennes data
2023-10-12 09:36:49.217 | INFO     | __main__:subcube:123 - Downloading Guadalajara data
2023-10-12 09:36:49.219 | INFO     | __main__:subcube:157 - Splitting bounding box in (2, 2) subgrid
2023-10-12 09:36:58.839 | INFO     | __main__:subcube:123 - Downloading Manresa data
2023-10-12 09:37:00.464 | INFO     | __main__:subcube:123 - Downloading Zalaegerszeg data
2023-10-12 09:37:02.633 | INFO     | __main__:subcube:123 - Downloading Sopron data
2023-10-12 09:37:02.634 | INFO     | __main__:subcube:157 - Splitting bounding box in (2, 2) subgrid
2023-10-12 09:37:09.577 | INFO     | __main__:subcube:123 - Downloading København data
2023-10-12 09:37:09.579 | INFO     | __main__:subcube:157 - Splitting bounding box in (2, 2) subgrid
2023-10-12 09:37:23.879 | INFO     | __main__:subcube:123 - Downloading Tallinn data
2023-10-12 09:37:23.881 | INFO     | __main__:subcube:157 - Splitting bounding box in (2, 2) subgrid
2023-10-12 09:37:34.066 | INFO     | __main__:subcube:123 - Downloading Bologna data
2023-10-12 09:37:37.114 | INFO     | __main__:subcube:123 - Downloading Catania data
2023-10-12 09:37:41.095 | INFO     | __main__:subcube:123 - Downloading Zagreb data
2023-10-12 09:37:41.097 | INFO     | __main__:subcube:157 - Splitting bounding box in (2, 2) subgrid
2023-10-12 09:37:56.738 | INFO     | __main__:subcube:123 - Downloading Rijeka data
2023-10-12 09:37:58.824 | INFO     | __main__:subcube:123 - Downloading Slavonski Brod data
2023-10-12 09:38:00.869 | INFO     | __main__:subcube:123 - Downloading Zaragoza data
2023-10-12 09:38:00.870 | INFO     | __main__:subcube:157 - Splitting bounding box in (3, 3) subgrid
2023-10-12 09:38:27.656 | INFO     | __main__:subcube:123 - Downloading Cremona data
2023-10-12 09:38:31.636 | INFO     | __main__:subcube:123 - Downloading Trento data
2023-10-12 09:38:36.261 | INFO     | __main__:subcube:123 - Downloading Barletta data
2023-10-12 09:38:42.079 | INFO     | __main__:subcube:123 - Downloading Ravenna data
2023-10-12 09:38:42.080 | INFO     | __main__:subcube:157 - Splitting bounding box in (2, 2) subgrid
2023-10-12 09:39:06.575 | INFO     | __main__:subcube:123 - Downloading Bergamo data
2023-10-12 09:39:10.181 | INFO     | __main__:subcube:123 - Downloading Forlì data
2023-10-12 09:39:18.417 | INFO     | __main__:subcube:123 - Downloading Trieste data
2023-10-12 09:39:32.561 | INFO     | __main__:subcube:123 - Downloading Pesaro data
2023-10-12 09:39:36.172 | INFO     | __main__:subcube:123 - Downloading Como data
2023-10-12 09:39:37.843 | INFO     | __main__:subcube:123 - Downloading Ferrara data
2023-10-12 09:39:37.844 | INFO     | __main__:subcube:157 - Splitting bounding box in (2, 2) subgrid
2023-10-12 09:39:49.502 | INFO     | __main__:subcube:123 - Downloading Lecce data
2023-10-12 09:39:49.503 | INFO     | __main__:subcube:157 - Splitting bounding box in (2, 2) subgrid
2023-10-12 09:39:56.615 | INFO     | __main__:subcube:123 - Downloading Reggio nell'Emilia data
2023-10-12 09:40:00.463 | INFO     | __main__:subcube:123 - Downloading Siracusa data
2023-10-12 09:40:05.021 | INFO     | __main__:subcube:123 - Downloading Ede data
2023-10-12 09:40:05.023 | INFO     | __main__:subcube:157 - Splitting bounding box in (2, 2) subgrid
2023-10-12 09:40:15.807 | INFO     | __main__:subcube:123 - Downloading Eindhoven data
2023-10-12 09:40:18.835 | INFO     | __main__:subcube:123 - Downloading Enschede data
2023-10-12 09:40:21.900 | INFO     | __main__:subcube:123 - Downloading Świdnica data
2023-10-12 09:40:23.436 | INFO     | __main__:subcube:123 - Downloading Zgierz data
2023-10-12 09:40:25.293 | INFO     | __main__:subcube:123 - Downloading Tczew data
2023-10-12 09:40:27.121 | INFO     | __main__:subcube:123 - Downloading Ełk data
2023-10-12 09:40:28.565 | INFO     | __main__:subcube:123 - Downloading Ancona data
2023-10-12 09:40:31.396 | INFO     | __main__:subcube:123 - Downloading Pescara data
2023-10-12 09:40:33.114 | INFO     | __main__:subcube:123 - Downloading Arezzo data
2023-10-12 09:40:33.115 | INFO     | __main__:subcube:157 - Splitting bounding box in (2, 2) subgrid
2023-10-12 09:40:43.167 | INFO     | __main__:subcube:123 - Downloading Grosseto data
2023-10-12 09:40:43.169 | INFO     | __main__:subcube:157 - Splitting bounding box in (2, 2) subgrid
2023-10-12 09:40:56.190 | INFO     | __main__:subcube:123 - Downloading Ragusa data
2023-10-12 09:40:56.192 | INFO     | __main__:subcube:157 - Splitting bounding box in (2, 2) subgrid
2023-10-12 09:41:23.619 | INFO     | __main__:subcube:123 - Downloading Andria data
2023-10-12 09:41:23.620 | INFO     | __main__:subcube:157 - Splitting bounding box in (2, 2) subgrid
2023-10-12 09:41:35.234 | INFO     | __main__:subcube:123 - Downloading Asti data
2023-10-12 09:41:38.351 | INFO     | __main__:subcube:123 - Downloading Pavia data
2023-10-12 09:41:40.247 | INFO     | __main__:subcube:123 - Downloading Bitonto data
2023-10-12 09:41:46.671 | INFO     | __main__:subcube:123 - Downloading Molfetta data
2023-10-12 09:41:49.788 | INFO     | __main__:subcube:123 - Downloading Gouda data
2023-10-12 09:41:51.066 | INFO     | __main__:subcube:123 - Downloading Foggia data
2023-10-12 09:41:51.068 | INFO     | __main__:subcube:157 - Splitting bounding box in (2, 2) subgrid
2023-10-12 09:42:04.924 | INFO     | __main__:subcube:123 - Downloading Sassuolo data
2023-10-12 09:42:06.667 | INFO     | __main__:subcube:123 - Downloading Coimbra data
2023-10-12 09:42:06.668 | INFO     | __main__:subcube:157 - Splitting bounding box in (2, 2) subgrid
2023-10-12 09:42:18.061 | INFO     | __main__:subcube:123 - Downloading Guimarães data
2023-10-12 09:42:22.449 | INFO     | __main__:subcube:123 - Downloading Vilnius data
2023-10-12 09:42:22.451 | INFO     | __main__:subcube:157 - Splitting bounding box in (2, 2) subgrid
2023-10-12 09:42:32.310 | INFO     | __main__:subcube:123 - Downloading Kaunas data
2023-10-12 09:42:38.761 | INFO     | __main__:subcube:123 - Downloading 's-Gravenhage data
2023-10-12 09:42:53.424 | INFO     | __main__:subcube:123 - Downloading Groningen data
2023-10-12 09:42:57.945 | INFO     | __main__:subcube:123 - Downloading Haarlem data
2023-10-12 09:43:00.702 | INFO     | __main__:subcube:123 - Downloading Haarlemmermeer data
2023-10-12 09:43:00.703 | INFO     | __main__:subcube:157 - Splitting bounding box in (2, 2) subgrid
2023-10-12 09:43:07.916 | INFO     | __main__:subcube:123 - Downloading Messina data
2023-10-12 09:43:07.917 | INFO     | __main__:subcube:157 - Splitting bounding box in (2, 2) subgrid
2023-10-12 09:43:15.900 | INFO     | __main__:subcube:123 - Downloading Rotterdam data
2023-10-12 09:43:15.901 | INFO     | __main__:subcube:157 - Splitting bounding box in (3, 3) subgrid
2023-10-12 09:44:23.396 | INFO     | __main__:subcube:188 - an error occurred
2023-10-12 09:44:23.409 | INFO     | __main__:subcube:123 - Downloading Roosendaal data
2023-10-12 09:44:25.752 | INFO     | __main__:subcube:123 - Downloading Szczecin data
2023-10-12 09:44:25.754 | INFO     | __main__:subcube:157 - Splitting bounding box in (2, 2) subgrid
2023-10-12 09:44:33.785 | INFO     | __main__:subcube:123 - Downloading Campobasso data
2023-10-12 09:44:35.422 | INFO     | __main__:subcube:123 - Downloading Caserta data
2023-10-12 09:44:37.273 | INFO     | __main__:subcube:123 - Downloading Massa data
2023-10-12 09:44:40.162 | INFO     | __main__:subcube:123 - Downloading Brindisi data
2023-10-12 09:44:40.163 | INFO     | __main__:subcube:157 - Splitting bounding box in (2, 2) subgrid
2023-10-12 09:44:48.679 | INFO     | __main__:subcube:123 - Downloading Prato data
2023-10-12 09:44:51.250 | INFO     | __main__:subcube:123 - Downloading Parma data
2023-10-12 09:44:51.252 | INFO     | __main__:subcube:157 - Splitting bounding box in (2, 2) subgrid
2023-10-12 09:44:58.413 | INFO     | __main__:subcube:123 - Downloading Tilburg data
2023-10-12 09:45:01.074 | INFO     | __main__:subcube:123 - Downloading Gdynia data
2023-10-12 09:45:04.229 | INFO     | __main__:subcube:123 - Downloading Sosnowiec data
2023-10-12 09:45:06.346 | INFO     | __main__:subcube:123 - Downloading Cosenza data
2023-10-12 09:45:08.047 | INFO     | __main__:subcube:123 - Downloading Savona data
2023-10-12 09:45:10.134 | INFO     | __main__:subcube:123 - Downloading Panevėžys data
2023-10-12 09:45:11.607 | INFO     | __main__:subcube:123 - Downloading Viana do Castelo data
2023-10-12 09:45:11.609 | INFO     | __main__:subcube:157 - Splitting bounding box in (2, 2) subgrid
2023-10-12 09:45:17.718 | INFO     | __main__:subcube:123 - Downloading Alytus data
2023-10-12 09:45:19.030 | INFO     | __main__:subcube:123 - Downloading Klaipėda data
2023-10-12 09:45:23.428 | INFO     | __main__:subcube:123 - Downloading Šiauliai data
2023-10-12 09:45:26.243 | INFO     | __main__:subcube:123 - Downloading Sassari data
2023-10-12 09:45:26.244 | INFO     | __main__:subcube:157 - Splitting bounding box in (2, 2) subgrid
2023-10-12 09:45:49.266 | INFO     | __main__:subcube:123 - Downloading Cagliari data
2023-10-12 09:45:54.414 | INFO     | __main__:subcube:123 - Downloading Battipaglia data
2023-10-12 09:45:59.182 | INFO     | __main__:subcube:123 - Downloading Sittard-Geleen data
2023-10-12 09:46:07.026 | INFO     | __main__:subcube:123 - Downloading Soest data
2023-10-12 09:46:09.499 | INFO     | __main__:subcube:123 - Downloading Trani data
2023-10-12 09:46:11.635 | INFO     | __main__:subcube:123 - Downloading Bydgoszcz data
2023-10-12 09:46:18.084 | INFO     | __main__:subcube:123 - Downloading Lublin data
2023-10-12 09:46:23.258 | INFO     | __main__:subcube:123 - Downloading Matera data
2023-10-12 09:46:23.260 | INFO     | __main__:subcube:157 - Splitting bounding box in (2, 2) subgrid
2023-10-12 09:46:37.891 | INFO     | __main__:subcube:123 - Downloading Acireale data
2023-10-12 09:46:41.317 | INFO     | __main__:subcube:123 - Downloading Bisceglie data
2023-10-12 09:46:43.218 | INFO     | __main__:subcube:123 - Downloading Carpi data
2023-10-12 09:46:48.539 | INFO     | __main__:subcube:123 - Downloading Heemskerk data
2023-10-12 09:46:52.237 | INFO     | __main__:subcube:123 - Downloading Utrecht data
2023-10-12 09:46:57.317 | INFO     | __main__:subcube:123 - Downloading Veenendaal data
2023-10-12 09:47:00.427 | INFO     | __main__:subcube:123 - Downloading Venlo data
2023-10-12 09:47:00.428 | INFO     | __main__:subcube:157 - Splitting bounding box in (2, 2) subgrid
2023-10-12 09:47:12.202 | INFO     | __main__:subcube:123 - Downloading Zaanstad data
2023-10-12 09:47:16.265 | INFO     | __main__:subcube:123 - Downloading Zoetermeer data
2023-10-12 09:47:19.071 | INFO     | __main__:subcube:123 - Downloading Zwolle data
2023-10-12 09:47:22.994 | INFO     | __main__:subcube:123 - Downloading Udine data
2023-10-12 09:47:26.044 | INFO     | __main__:subcube:123 - Downloading Gliwice data
2023-10-12 09:47:31.250 | INFO     | __main__:subcube:123 - Downloading Zabrze data
2023-10-12 09:47:34.727 | INFO     | __main__:subcube:123 - Downloading Luxembourg data
2023-10-12 09:47:36.411 | INFO     | __main__:subcube:123 - Downloading Greater Valletta data
2023-10-12 09:47:40.016 | INFO     | __main__:subcube:123 - Downloading Amsterdam data
2023-10-12 09:47:47.486 | INFO     | __main__:subcube:123 - Downloading Alkmaar data
2023-10-12 09:47:52.932 | INFO     | __main__:subcube:123 - Downloading Heerlen data
2023-10-12 09:47:55.649 | INFO     | __main__:subcube:123 - Downloading Helmond data
2023-10-12 09:47:58.955 | INFO     | __main__:subcube:123 - Downloading Hengelo data
2023-10-12 09:48:01.105 | INFO     | __main__:subcube:123 - Downloading 's-Hertogenbosch data
2023-10-12 09:48:05.034 | INFO     | __main__:subcube:123 - Downloading Hilversum data
2023-10-12 09:48:07.410 | INFO     | __main__:subcube:123 - Downloading Hoorn data
2023-10-12 09:48:09.528 | INFO     | __main__:subcube:123 - Downloading Venezia data
2023-10-12 09:48:09.530 | INFO     | __main__:subcube:157 - Splitting bounding box in (2, 2) subgrid
2023-10-12 09:48:27.891 | INFO     | __main__:subcube:123 - Downloading Verona data
2023-10-12 09:48:33.417 | INFO     | __main__:subcube:123 - Downloading Terni data
2023-10-12 09:48:38.590 | INFO     | __main__:subcube:123 - Downloading Novara data
2023-10-12 09:48:41.965 | INFO     | __main__:subcube:123 - Downloading Trapani data
2023-10-12 09:48:41.967 | INFO     | __main__:subcube:157 - Splitting bounding box in (2, 2) subgrid
2023-10-12 09:48:51.751 | INFO     | __main__:subcube:123 - Downloading Salerno data
2023-10-12 09:48:53.436 | INFO     | __main__:subcube:123 - Downloading Piacenza data
2023-10-12 09:48:58.265 | INFO     | __main__:subcube:123 - Downloading Bolzano data
2023-10-12 09:49:00.980 | INFO     | __main__:subcube:123 - Downloading Setúbal data
2023-10-12 09:49:10.450 | INFO     | __main__:subcube:123 - Downloading Rimini data
2023-10-12 09:49:18.567 | INFO     | __main__:subcube:123 - Downloading Latina data
2023-10-12 09:49:18.568 | INFO     | __main__:subcube:157 - Splitting bounding box in (2, 2) subgrid
2023-10-12 09:49:29.621 | INFO     | __main__:subcube:123 - Downloading Padova data
2023-10-12 09:49:31.851 | INFO     | __main__:subcube:123 - Downloading Brescia data
2023-10-12 09:49:35.989 | INFO     | __main__:subcube:123 - Downloading La Spezia data
2023-10-12 09:49:38.959 | INFO     | __main__:subcube:123 - Downloading Livorno data
2023-10-12 09:49:38.960 | INFO     | __main__:subcube:157 - Splitting bounding box in (2, 2) subgrid
2023-10-12 09:50:53.383 | INFO     | __main__:subcube:188 - an error occurred
2023-10-12 09:50:53.402 | INFO     | __main__:subcube:123 - Downloading Vicenza data
2023-10-12 09:50:56.784 | INFO     | __main__:subcube:123 - Downloading Taranto data
2023-10-12 09:50:56.786 | INFO     | __main__:subcube:157 - Splitting bounding box in (2, 2) subgrid
2023-10-12 09:51:14.528 | INFO     | __main__:subcube:123 - Downloading Potenza data
2023-10-12 09:51:19.949 | INFO     | __main__:subcube:123 - Downloading Catanzaro data
2023-10-12 09:51:23.172 | INFO     | __main__:subcube:123 - Downloading Cerignola data
2023-10-12 09:51:23.173 | INFO     | __main__:subcube:157 - Splitting bounding box in (2, 2) subgrid
2023-10-12 09:51:41.062 | INFO     | __main__:subcube:123 - Downloading Funchal data
2023-10-12 09:51:41.063 | INFO     | __main__:subcube:157 - Splitting bounding box in (13, 13) subgrid
2023-10-12 09:52:50.673 | INFO     | __main__:subcube:188 - an error occurred
2023-10-12 09:52:50.685 | INFO     | __main__:subcube:123 - Downloading Perugia data
2023-10-12 09:52:50.687 | INFO     | __main__:subcube:157 - Splitting bounding box in (2, 2) subgrid
2023-10-12 09:53:08.518 | INFO     | __main__:subcube:123 - Downloading Avellino data
2023-10-12 09:53:10.726 | INFO     | __main__:subcube:123 - Downloading Pordenone data
2023-10-12 09:53:12.502 | INFO     | __main__:subcube:123 - Downloading Lecco data
2023-10-12 09:53:15.274 | INFO     | __main__:subcube:123 - Downloading Almelo data
2023-10-12 09:53:17.191 | INFO     | __main__:subcube:123 - Downloading Almere data
2023-10-12 09:53:17.192 | INFO     | __main__:subcube:157 - Splitting bounding box in (2, 2) subgrid
2023-10-12 09:53:27.824 | INFO     | __main__:subcube:123 - Downloading Alphen aan den Rijn data
2023-10-12 09:53:30.574 | INFO     | __main__:subcube:123 - Downloading Leeuwarden data
2023-10-12 09:53:30.575 | INFO     | __main__:subcube:157 - Splitting bounding box in (2, 2) subgrid
2023-10-12 09:53:41.986 | INFO     | __main__:subcube:123 - Downloading Leiden data
2023-10-12 09:53:45.831 | INFO     | __main__:subcube:123 - Downloading Lelystad data
2023-10-12 09:53:45.832 | INFO     | __main__:subcube:157 - Splitting bounding box in (2, 2) subgrid
2023-10-12 09:54:09.864 | INFO     | __main__:subcube:123 - Downloading Maastricht data
2023-10-12 09:54:11.611 | INFO     | __main__:subcube:123 - Downloading Viseu data
2023-10-12 09:54:11.613 | INFO     | __main__:subcube:157 - Splitting bounding box in (2, 2) subgrid
2023-10-12 09:54:29.402 | INFO     | __main__:subcube:123 - Downloading Pisa data
2023-10-12 09:54:33.427 | INFO     | __main__:subcube:123 - Downloading Treviso data
2023-10-12 09:54:36.363 | INFO     | __main__:subcube:123 - Downloading Varese data
2023-10-12 09:54:38.768 | INFO     | __main__:subcube:123 - Downloading Amersfoort data
2023-10-12 09:54:41.187 | INFO     | __main__:subcube:123 - Downloading Apeldoorn data
2023-10-12 09:54:41.188 | INFO     | __main__:subcube:157 - Splitting bounding box in (2, 2) subgrid
2023-10-12 09:54:57.214 | INFO     | __main__:subcube:123 - Downloading Arnhem data
2023-10-12 09:55:01.819 | INFO     | __main__:subcube:123 - Downloading Assen data
2023-10-12 09:55:06.532 | INFO     | __main__:subcube:123 - Downloading Bergen op Zoom data
2023-10-12 09:55:11.589 | INFO     | __main__:subcube:123 - Downloading Modena data
2023-10-12 09:55:16.091 | INFO     | __main__:subcube:123 - Downloading Poznań data
2023-10-12 09:55:16.093 | INFO     | __main__:subcube:157 - Splitting bounding box in (2, 2) subgrid
2023-10-12 09:55:29.435 | INFO     | __main__:subcube:123 - Downloading Zamość data
2023-10-12 09:55:30.790 | INFO     | __main__:subcube:123 - Downloading Chełm data
2023-10-12 09:55:32.418 | INFO     | __main__:subcube:123 - Downloading Pabianice data
2023-10-12 09:55:34.082 | INFO     | __main__:subcube:123 - Downloading L'Aquila data
2023-10-12 09:55:34.083 | INFO     | __main__:subcube:157 - Splitting bounding box in (2, 2) subgrid
2023-10-12 09:56:08.221 | INFO     | __main__:subcube:123 - Downloading Alessandria data
2023-10-12 09:56:14.994 | INFO     | __main__:subcube:123 - Downloading Gela data
2023-10-12 09:56:14.995 | INFO     | __main__:subcube:157 - Splitting bounding box in (2, 2) subgrid
2023-10-12 09:56:22.981 | INFO     | __main__:subcube:123 - Downloading Bagheria data
2023-10-12 09:56:24.350 | INFO     | __main__:subcube:123 - Downloading Anzio data
2023-10-12 09:56:25.780 | INFO     | __main__:subcube:123 - Downloading Głogów data
2023-10-12 09:56:27.807 | INFO     | __main__:subcube:123 - Downloading Stalowa Wola data
2023-10-12 09:56:30.814 | INFO     | __main__:subcube:123 - Downloading Tomaszów Mazowiecki data
2023-10-12 09:56:32.384 | INFO     | __main__:subcube:123 - Downloading Reggio di Calabria data
2023-10-12 09:56:37.803 | INFO     | __main__:subcube:123 - Downloading Middelburg        data
2023-10-12 09:56:42.100 | INFO     | __main__:subcube:123 - Downloading Nijmegen data
2023-10-12 09:56:44.110 | INFO     | __main__:subcube:123 - Downloading Nissewaard data
2023-10-12 09:56:48.306 | INFO     | __main__:subcube:123 - Downloading Oss data
2023-10-12 09:56:54.114 | INFO     | __main__:subcube:123 - Downloading Purmerend data
2023-10-12 09:56:55.223 | INFO     | __main__:subcube:123 - Downloading Gdańsk data
2023-10-12 09:56:55.224 | INFO     | __main__:subcube:157 - Splitting bounding box in (2, 2) subgrid
2023-10-12 09:57:06.922 | INFO     | __main__:subcube:123 - Downloading Łomża data
2023-10-12 09:57:12.633 | INFO     | __main__:subcube:123 - Downloading Leszno data
2023-10-12 09:57:14.019 | INFO     | __main__:subcube:123 - Downloading Oslo data
2023-10-12 09:57:14.021 | INFO     | __main__:subcube:157 - Splitting bounding box in (2, 2) subgrid
2023-10-12 09:57:28.372 | INFO     | __main__:subcube:123 - Downloading Altamura data
2023-10-12 09:57:28.374 | INFO     | __main__:subcube:157 - Splitting bounding box in (2, 2) subgrid
2023-10-12 09:57:44.929 | INFO     | __main__:subcube:123 - Downloading Breda data
2023-10-12 09:57:48.368 | INFO     | __main__:subcube:123 - Downloading Deventer data
2023-10-12 09:57:51.632 | INFO     | __main__:subcube:123 - Downloading Stockholm data
2023-10-12 09:57:51.638 | INFO     | __main__:subcube:157 - Splitting bounding box in (3, 3) subgrid
2023-10-12 09:58:47.143 | INFO     | __main__:subcube:123 - Downloading Malmö data
2023-10-12 09:58:50.418 | INFO     | __main__:subcube:123 - Downloading Västerås data
2023-10-12 09:58:50.420 | INFO     | __main__:subcube:157 - Splitting bounding box in (2, 2) subgrid
2023-10-12 09:59:21.508 | INFO     | __main__:subcube:123 - Downloading Piatra Neamţ data
2023-10-12 09:59:25.211 | INFO     | __main__:subcube:123 - Downloading Cǎlǎraşi data
2023-10-12 09:59:30.214 | INFO     | __main__:subcube:123 - Downloading Giurgiu data
2023-10-12 09:59:31.657 | INFO     | __main__:subcube:123 - Downloading Alba Iulia data
2023-10-12 09:59:35.389 | INFO     | __main__:subcube:123 - Downloading Göteborg data
2023-10-12 09:59:35.392 | INFO     | __main__:subcube:157 - Splitting bounding box in (2, 2) subgrid
2023-10-12 10:00:01.265 | INFO     | __main__:subcube:123 - Downloading Focşani data
2023-10-12 10:00:04.387 | INFO     | __main__:subcube:123 - Downloading Târgu Jiu data
2023-10-12 10:00:07.878 | INFO     | __main__:subcube:123 - Downloading Tulcea data
2023-10-12 10:00:14.075 | INFO     | __main__:subcube:123 - Downloading Södertälje data
2023-10-12 10:00:14.077 | INFO     | __main__:subcube:157 - Splitting bounding box in (3, 3) subgrid
2023-10-12 10:00:44.882 | INFO     | __main__:subcube:123 - Downloading Norrköping data
2023-10-12 10:00:44.885 | INFO     | __main__:subcube:157 - Splitting bounding box in (4, 4) subgrid
2023-10-12 10:02:07.004 | INFO     | __main__:subcube:188 - an error occurred
2023-10-12 10:02:07.022 | INFO     | __main__:subcube:123 - Downloading Baia Mare data
2023-10-12 10:02:12.509 | INFO     | __main__:subcube:123 - Downloading Buzău data
2023-10-12 10:02:14.384 | INFO     | __main__:subcube:123 - Downloading Umeå data
2023-10-12 10:02:14.388 | INFO     | __main__:subcube:157 - Splitting bounding box in (4, 4) subgrid
2023-10-12 10:04:41.484 | INFO     | __main__:subcube:188 - an error occurred
2023-10-12 10:04:41.502 | INFO     | __main__:subcube:123 - Downloading Bistriţa data
2023-10-12 10:04:45.260 | INFO     | __main__:subcube:123 - Downloading Constanţa data
2023-10-12 10:04:50.191 | INFO     | __main__:subcube:123 - Downloading Jönköping data
2023-10-12 10:04:50.193 | INFO     | __main__:subcube:157 - Splitting bounding box in (3, 3) subgrid
2023-10-12 10:06:14.681 | INFO     | __main__:subcube:188 - an error occurred
2023-10-12 10:06:14.699 | INFO     | __main__:subcube:123 - Downloading Žilina data
2023-10-12 10:06:18.573 | INFO     | __main__:subcube:123 - Downloading Trnava data
2023-10-12 10:06:22.149 | INFO     | __main__:subcube:123 - Downloading Helsingborg data
2023-10-12 10:06:22.150 | INFO     | __main__:subcube:157 - Splitting bounding box in (2, 2) subgrid
2023-10-12 10:06:38.160 | INFO     | __main__:subcube:123 - Downloading Lund data
2023-10-12 10:06:38.162 | INFO     | __main__:subcube:157 - Splitting bounding box in (2, 2) subgrid
2023-10-12 10:06:53.606 | INFO     | __main__:subcube:123 - Downloading Târgovişte data
2023-10-12 10:06:55.137 | INFO     | __main__:subcube:123 - Downloading Slatina data
2023-10-12 10:06:57.492 | INFO     | __main__:subcube:123 - Downloading Bârlad data
2023-10-12 10:07:00.614 | INFO     | __main__:subcube:123 - Downloading Roman data
2023-10-12 10:07:02.355 | INFO     | __main__:subcube:123 - Downloading Satu Mare data
2023-10-12 10:07:08.468 | INFO     | __main__:subcube:123 - Downloading Botoşani data
2023-10-12 10:07:17.685 | INFO     | __main__:subcube:123 - Downloading Iaşi data
2023-10-12 10:07:23.459 | INFO     | __main__:subcube:123 - Downloading Borås data
2023-10-12 10:07:23.460 | INFO     | __main__:subcube:157 - Splitting bounding box in (2, 2) subgrid
2023-10-12 10:07:49.247 | INFO     | __main__:subcube:123 - Downloading Râmnicu Vâlcea data
2023-10-12 10:07:52.277 | INFO     | __main__:subcube:123 - Downloading Banská Bystrica data
2023-10-12 10:07:55.681 | INFO     | __main__:subcube:123 - Downloading Galaţi data
2023-10-12 10:07:55.682 | INFO     | __main__:subcube:157 - Splitting bounding box in (2, 2) subgrid
2023-10-12 10:08:19.016 | INFO     | __main__:subcube:123 - Downloading Trenčín data
2023-10-12 10:08:26.026 | INFO     | __main__:subcube:123 - Downloading Suceava data
2023-10-12 10:08:30.518 | INFO     | __main__:subcube:123 - Downloading Drobeta-Turnu Severin data
2023-10-12 10:08:34.091 | INFO     | __main__:subcube:123 - Downloading Uppsala data
2023-10-12 10:08:34.093 | INFO     | __main__:subcube:157 - Splitting bounding box in (4, 4) subgrid
2023-10-12 10:10:44.044 | INFO     | __main__:subcube:188 - an error occurred
2023-10-12 10:10:44.062 | INFO     | __main__:subcube:123 - Downloading Ljubljana data
2023-10-12 10:10:44.063 | INFO     | __main__:subcube:157 - Splitting bounding box in (2, 2) subgrid
2023-10-12 10:10:54.386 | INFO     | __main__:subcube:123 - Downloading Nitra data
2023-10-12 10:10:57.106 | INFO     | __main__:subcube:123 - Downloading Prešov data
2023-10-12 10:10:58.977 | INFO     | __main__:subcube:123 - Downloading Linköping data
2023-10-12 10:10:58.979 | INFO     | __main__:subcube:157 - Splitting bounding box in (3, 3) subgrid
2023-10-12 10:11:32.704 | INFO     | __main__:subcube:123 - Downloading Braşov data
2023-10-12 10:11:37.407 | INFO     | __main__:subcube:123 - Downloading Ploieşti data
2023-10-12 10:11:38.862 | INFO     | __main__:subcube:123 - Downloading Maribor data
2023-10-12 10:11:42.131 | INFO     | __main__:subcube:123 - Downloading Sibiu data
2023-10-12 10:11:42.132 | INFO     | __main__:subcube:157 - Splitting bounding box in (2, 2) subgrid
2023-10-12 10:11:51.123 | INFO     | __main__:subcube:123 - Downloading Piteşti data
2023-10-12 10:11:52.706 | INFO     | __main__:subcube:123 - Downloading Bratislava data
2023-10-12 10:11:52.708 | INFO     | __main__:subcube:157 - Splitting bounding box in (2, 2) subgrid
2023-10-12 10:12:03.637 | INFO     | __main__:subcube:123 - Downloading Târgu Mureş data
2023-10-12 10:12:05.180 | INFO     | __main__:subcube:123 - Downloading Košice data
